|--- feature_9 <= 2.50
|   |--- feature_1 <= 27.50
|   |   |--- feature_6 <= 45.50
|   |   |   |--- feature_7 <= 77.50
|   |   |   |   |--- feature_8 <= 26.50
|   |   |   |   |   |--- feature_7 <= 25.50
|   |   |   |   |   |   |--- feature_7 <= 24.50
|   |   |   |   |   |   |   |--- feature_6 <= 25.00
|   |   |   |   |   |   |   |   |--- feature_0 <= 2695124.50
|   |   |   |   |   |   |   |   |   |--- class: 0
|   |   |   |   |   |   |   |   |--- feature_0 >  2695124.50
|   |   |   |   |   |   |   |   |   |--- class: 0
|   |   |   |   |   |   |   |--- feature_6 >  25.00
|   |   |   |   |   |   |   |   |--- class: 0
|   |   |   |   |   |   |--- feature_7 >  24.50
|   |   |   |   |   |   |   |--- class: 1
|   |   |   |   |   |--- feature_7 >  25.50
|   |   |   |   |   |   |--- feature_10 <= 10.50
|   |   |   |   |   |   |   |--- feature_7 <= 37.50
|   |   |   |   |   |   |   |   |--- class: 0
|   |   |   |   |   |   |   |--- feature_7 >  37.50
|   |   |   |   |   |   |   |   |--- feature_9 <= 1.50
|   |   |   |   |   |   |   |   |   |--- class: 1
|   |   |   |   |   |   |   |   |--- feature_9 >  1.50
|   |   |   |   |   |   |   |   |   |--- class: 0
|   |   |   |   |   |   |--- feature_10 >  10.50
|   |   |   |   |   |   |   |--- feature_6 <= 3.50
|   |   |   |   |   |   |   |   |--- feature_0 <= 6597063.00
|   |   |   |   |   |   |   |   |   |--- class: 0
|   |   |   |   |   |   |   |   |--- feature_0 >  6597063.00
|   |   |   |   |   |   |   |   |   |--- class: 0
|   |   |   |   |   |   |   |--- feature_6 >  3.50
|   |   |   |   |   |   |   |   |--- feature_6 <= 34.00
|   |   |   |   |   |   |   |   |   |--- class: 0
|   |   |   |   |   |   |   |   |--- feature_6 >  34.00
|   |   |   |   |   |   |   |   |   |--- feature_1 <= 24.50
|   |   |   |   |   |   |   |   |   |   |--- class: 0
|   |   |   |   |   |   |   |   |   |--- feature_1 >  24.50
|   |   |   |   |   |   |   |   |   |   |--- class: 0
|   |   |   |   |--- feature_8 >  26.50
|   |   |   |   |   |--- class: 1
|   |   |   |--- feature_7 >  77.50
|   |   |   |   |--- feature_7 <= 108.00
|   |   |   |   |   |--- feature_8 <= 1.50
|   |   |   |   |   |   |--- feature_8 <= 0.50
|   |   |   |   |   |   |   |--- class: 0
|   |   |   |   |   |   |--- feature_8 >  0.50
|   |   |   |   |   |   |   |--- class: 0
|   |   |   |   |   |--- feature_8 >  1.50
|   |   |   |   |   |   |--- feature_7 <= 96.50
|   |   |   |   |   |   |   |--- feature_8 <= 8.50
|   |   |   |   |   |   |   |   |--- feature_6 <= 13.00
|   |   |   |   |   |   |   |   |   |--- feature_1 <= 25.50
|   |   |   |   |   |   |   |   |   |   |--- class: 1
|   |   |   |   |   |   |   |   |   |--- feature_1 >  25.50
|   |   |   |   |   |   |   |   |   |   |--- class: 1
|   |   |   |   |   |   |   |   |--- feature_6 >  13.00
|   |   |   |   |   |   |   |   |   |--- class: 1
|   |   |   |   |   |   |   |--- feature_8 >  8.50
|   |   |   |   |   |   |   |   |--- feature_1 <= 22.50
|   |   |   |   |   |   |   |   |   |--- feature_10 <= 13.50
|   |   |   |   |   |   |   |   |   |   |--- class: 1
|   |   |   |   |   |   |   |   |   |--- feature_10 >  13.50
|   |   |   |   |   |   |   |   |   |   |--- class: 1
|   |   |   |   |   |   |   |   |--- feature_1 >  22.50
|   |   |   |   |   |   |   |   |   |--- feature_6 <= 12.00
|   |   |   |   |   |   |   |   |   |   |--- class: 1
|   |   |   |   |   |   |   |   |   |--- feature_6 >  12.00
|   |   |   |   |   |   |   |   |   |   |--- class: 0
|   |   |   |   |   |   |--- feature_7 >  96.50
|   |   |   |   |   |   |   |--- feature_7 <= 103.50
|   |   |   |   |   |   |   |   |--- class: 0
|   |   |   |   |   |   |   |--- feature_7 >  103.50
|   |   |   |   |   |   |   |   |--- class: 1
|   |   |   |   |--- feature_7 >  108.00
|   |   |   |   |   |--- feature_5 <= 0.50
|   |   |   |   |   |   |--- feature_7 <= 141.50
|   |   |   |   |   |   |   |--- feature_6 <= 24.00
|   |   |   |   |   |   |   |   |--- feature_9 <= 0.50
|   |   |   |   |   |   |   |   |   |--- class: 0
|   |   |   |   |   |   |   |   |--- feature_9 >  0.50
|   |   |   |   |   |   |   |   |   |--- feature_0 <= 3916687.50
|   |   |   |   |   |   |   |   |   |   |--- class: 0
|   |   |   |   |   |   |   |   |   |--- feature_0 >  3916687.50
|   |   |   |   |   |   |   |   |   |   |--- class: 0
|   |   |   |   |   |   |   |--- feature_6 >  24.00
|   |   |   |   |   |   |   |   |--- class: 0
|   |   |   |   |   |   |--- feature_7 >  141.50
|   |   |   |   |   |   |   |--- feature_0 <= 1375305.00
|   |   |   |   |   |   |   |   |--- feature_0 <= 488089.50
|   |   |   |   |   |   |   |   |   |--- feature_3 <= 0.50
|   |   |   |   |   |   |   |   |   |   |--- class: 0
|   |   |   |   |   |   |   |   |   |--- feature_3 >  0.50
|   |   |   |   |   |   |   |   |   |   |--- class: 0
|   |   |   |   |   |   |   |   |--- feature_0 >  488089.50
|   |   |   |   |   |   |   |   |   |--- feature_6 <= 18.00
|   |   |   |   |   |   |   |   |   |   |--- feature_1 <= 24.50
|   |   |   |   |   |   |   |   |   |   |   |--- class: 1
|   |   |   |   |   |   |   |   |   |   |--- feature_1 >  24.50
|   |   |   |   |   |   |   |   |   |   |   |--- class: 1
|   |   |   |   |   |   |   |   |   |--- feature_6 >  18.00
|   |   |   |   |   |   |   |   |   |   |--- feature_0 <= 1348935.50
|   |   |   |   |   |   |   |   |   |   |   |--- class: 0
|   |   |   |   |   |   |   |   |   |   |--- feature_0 >  1348935.50
|   |   |   |   |   |   |   |   |   |   |   |--- class: 1
|   |   |   |   |   |   |   |--- feature_0 >  1375305.00
|   |   |   |   |   |   |   |   |--- feature_6 <= 33.50
|   |   |   |   |   |   |   |   |   |--- feature_6 <= 10.50
|   |   |   |   |   |   |   |   |   |   |--- feature_8 <= 24.00
|   |   |   |   |   |   |   |   |   |   |   |--- truncated branch of depth 4
|   |   |   |   |   |   |   |   |   |   |--- feature_8 >  24.00
|   |   |   |   |   |   |   |   |   |   |   |--- truncated branch of depth 2
|   |   |   |   |   |   |   |   |   |--- feature_6 >  10.50
|   |   |   |   |   |   |   |   |   |   |--- feature_4 <= 0.50
|   |   |   |   |   |   |   |   |   |   |   |--- class: 1
|   |   |   |   |   |   |   |   |   |   |--- feature_4 >  0.50
|   |   |   |   |   |   |   |   |   |   |   |--- truncated branch of depth 5
|   |   |   |   |   |   |   |   |--- feature_6 >  33.50
|   |   |   |   |   |   |   |   |   |--- feature_0 <= 5933604.00
|   |   |   |   |   |   |   |   |   |   |--- feature_0 <= 2653277.00
|   |   |   |   |   |   |   |   |   |   |   |--- class: 0
|   |   |   |   |   |   |   |   |   |   |--- feature_0 >  2653277.00
|   |   |   |   |   |   |   |   |   |   |   |--- truncated branch of depth 3
|   |   |   |   |   |   |   |   |   |--- feature_0 >  5933604.00
|   |   |   |   |   |   |   |   |   |   |--- feature_10 <= 11.50
|   |   |   |   |   |   |   |   |   |   |   |--- class: 0
|   |   |   |   |   |   |   |   |   |   |--- feature_10 >  11.50
|   |   |   |   |   |   |   |   |   |   |   |--- class: 0
|   |   |   |   |   |--- feature_5 >  0.50
|   |   |   |   |   |   |--- feature_9 <= 1.50
|   |   |   |   |   |   |   |--- feature_1 <= 21.50
|   |   |   |   |   |   |   |   |--- class: 0
|   |   |   |   |   |   |   |--- feature_1 >  21.50
|   |   |   |   |   |   |   |   |--- feature_7 <= 251.50
|   |   |   |   |   |   |   |   |   |--- feature_6 <= 28.00
|   |   |   |   |   |   |   |   |   |   |--- feature_7 <= 226.00
|   |   |   |   |   |   |   |   |   |   |   |--- truncated branch of depth 3
|   |   |   |   |   |   |   |   |   |   |--- feature_7 >  226.00
|   |   |   |   |   |   |   |   |   |   |   |--- truncated branch of depth 2
|   |   |   |   |   |   |   |   |   |--- feature_6 >  28.00
|   |   |   |   |   |   |   |   |   |   |--- class: 0
|   |   |   |   |   |   |   |   |--- feature_7 >  251.50
|   |   |   |   |   |   |   |   |   |--- class: 0
|   |   |   |   |   |   |--- feature_9 >  1.50
|   |   |   |   |   |   |   |--- feature_8 <= 14.50
|   |   |   |   |   |   |   |   |--- feature_1 <= 26.50
|   |   |   |   |   |   |   |   |   |--- feature_7 <= 139.50
|   |   |   |   |   |   |   |   |   |   |--- class: 1
|   |   |   |   |   |   |   |   |   |--- feature_7 >  139.50
|   |   |   |   |   |   |   |   |   |   |--- class: 1
|   |   |   |   |   |   |   |   |--- feature_1 >  26.50
|   |   |   |   |   |   |   |   |   |--- class: 0
|   |   |   |   |   |   |   |--- feature_8 >  14.50
|   |   |   |   |   |   |   |   |--- feature_6 <= 19.50
|   |   |   |   |   |   |   |   |   |--- class: 0
|   |   |   |   |   |   |   |   |--- feature_6 >  19.50
|   |   |   |   |   |   |   |   |   |--- class: 0
|   |   |--- feature_6 >  45.50
|   |   |   |--- feature_0 <= 3591920.00
|   |   |   |   |--- feature_1 <= 21.50
|   |   |   |   |   |--- class: 0
|   |   |   |   |--- feature_1 >  21.50
|   |   |   |   |   |--- class: 0
|   |   |   |--- feature_0 >  3591920.00
|   |   |   |   |--- feature_1 <= 26.50
|   |   |   |   |   |--- feature_5 <= 0.50
|   |   |   |   |   |   |--- feature_0 <= 6723387.00
|   |   |   |   |   |   |   |--- class: 0
|   |   |   |   |   |   |--- feature_0 >  6723387.00
|   |   |   |   |   |   |   |--- feature_1 <= 21.50
|   |   |   |   |   |   |   |   |--- class: 0
|   |   |   |   |   |   |   |--- feature_1 >  21.50
|   |   |   |   |   |   |   |   |--- class: 0
|   |   |   |   |   |--- feature_5 >  0.50
|   |   |   |   |   |   |--- feature_1 <= 25.00
|   |   |   |   |   |   |   |--- class: 0
|   |   |   |   |   |   |--- feature_1 >  25.00
|   |   |   |   |   |   |   |--- feature_0 <= 8669410.50
|   |   |   |   |   |   |   |   |--- class: 0
|   |   |   |   |   |   |   |--- feature_0 >  8669410.50
|   |   |   |   |   |   |   |   |--- class: 0
|   |   |   |   |--- feature_1 >  26.50
|   |   |   |   |   |--- class: 0
|   |--- feature_1 >  27.50
|   |   |--- feature_9 <= 1.50
|   |   |   |--- feature_0 <= 460889.50
|   |   |   |   |--- feature_1 <= 48.50
|   |   |   |   |   |--- feature_6 <= 21.50
|   |   |   |   |   |   |--- feature_7 <= 151.50
|   |   |   |   |   |   |   |--- class: 0
|   |   |   |   |   |   |--- feature_7 >  151.50
|   |   |   |   |   |   |   |--- class: 0
|   |   |   |   |   |--- feature_6 >  21.50
|   |   |   |   |   |   |--- feature_5 <= 0.50
|   |   |   |   |   |   |   |--- feature_10 <= 11.50
|   |   |   |   |   |   |   |   |--- feature_0 <= 345769.00
|   |   |   |   |   |   |   |   |   |--- class: 1
|   |   |   |   |   |   |   |   |--- feature_0 >  345769.00
|   |   |   |   |   |   |   |   |   |--- class: 1
|   |   |   |   |   |   |   |--- feature_10 >  11.50
|   |   |   |   |   |   |   |   |--- class: 1
|   |   |   |   |   |   |--- feature_5 >  0.50
|   |   |   |   |   |   |   |--- feature_7 <= 227.50
|   |   |   |   |   |   |   |   |--- class: 0
|   |   |   |   |   |   |   |--- feature_7 >  227.50
|   |   |   |   |   |   |   |   |--- feature_9 <= 0.50
|   |   |   |   |   |   |   |   |   |--- class: 1
|   |   |   |   |   |   |   |   |--- feature_9 >  0.50
|   |   |   |   |   |   |   |   |   |--- class: 1
|   |   |   |   |--- feature_1 >  48.50
|   |   |   |   |   |--- feature_0 <= 399771.50
|   |   |   |   |   |   |--- feature_7 <= 299.50
|   |   |   |   |   |   |   |--- feature_0 <= 122352.00
|   |   |   |   |   |   |   |   |--- class: 0
|   |   |   |   |   |   |   |--- feature_0 >  122352.00
|   |   |   |   |   |   |   |   |--- feature_6 <= 5.50
|   |   |   |   |   |   |   |   |   |--- class: 0
|   |   |   |   |   |   |   |   |--- feature_6 >  5.50
|   |   |   |   |   |   |   |   |   |--- feature_6 <= 32.50
|   |   |   |   |   |   |   |   |   |   |--- class: 0
|   |   |   |   |   |   |   |   |   |--- feature_6 >  32.50
|   |   |   |   |   |   |   |   |   |   |--- feature_6 <= 42.00
|   |   |   |   |   |   |   |   |   |   |   |--- class: 0
|   |   |   |   |   |   |   |   |   |   |--- feature_6 >  42.00
|   |   |   |   |   |   |   |   |   |   |   |--- class: 0
|   |   |   |   |   |   |--- feature_7 >  299.50
|   |   |   |   |   |   |   |--- class: 1
|   |   |   |   |   |--- feature_0 >  399771.50
|   |   |   |   |   |   |--- class: 1
|   |   |   |--- feature_0 >  460889.50
|   |   |   |   |--- feature_0 <= 5850359.00
|   |   |   |   |   |--- feature_6 <= 40.50
|   |   |   |   |   |   |--- feature_1 <= 48.50
|   |   |   |   |   |   |   |--- feature_0 <= 5507008.00
|   |   |   |   |   |   |   |   |--- feature_0 <= 2427004.00
|   |   |   |   |   |   |   |   |   |--- feature_7 <= 111.50
|   |   |   |   |   |   |   |   |   |   |--- feature_6 <= 21.50
|   |   |   |   |   |   |   |   |   |   |   |--- truncated branch of depth 4
|   |   |   |   |   |   |   |   |   |   |--- feature_6 >  21.50
|   |   |   |   |   |   |   |   |   |   |   |--- truncated branch of depth 3
|   |   |   |   |   |   |   |   |   |--- feature_7 >  111.50
|   |   |   |   |   |   |   |   |   |   |--- feature_0 <= 1242258.00
|   |   |   |   |   |   |   |   |   |   |   |--- truncated branch of depth 4
|   |   |   |   |   |   |   |   |   |   |--- feature_0 >  1242258.00
|   |   |   |   |   |   |   |   |   |   |   |--- truncated branch of depth 8
|   |   |   |   |   |   |   |   |--- feature_0 >  2427004.00
|   |   |   |   |   |   |   |   |   |--- feature_6 <= 39.50
|   |   |   |   |   |   |   |   |   |   |--- feature_6 <= 3.50
|   |   |   |   |   |   |   |   |   |   |   |--- truncated branch of depth 3
|   |   |   |   |   |   |   |   |   |   |--- feature_6 >  3.50
|   |   |   |   |   |   |   |   |   |   |   |--- truncated branch of depth 10
|   |   |   |   |   |   |   |   |   |--- feature_6 >  39.50
|   |   |   |   |   |   |   |   |   |   |--- feature_0 <= 4150192.00
|   |   |   |   |   |   |   |   |   |   |   |--- class: 0
|   |   |   |   |   |   |   |   |   |   |--- feature_0 >  4150192.00
|   |   |   |   |   |   |   |   |   |   |   |--- class: 1
|   |   |   |   |   |   |   |--- feature_0 >  5507008.00
|   |   |   |   |   |   |   |   |--- feature_1 <= 43.50
|   |   |   |   |   |   |   |   |   |--- feature_0 <= 5829444.00
|   |   |   |   |   |   |   |   |   |   |--- feature_0 <= 5673291.50
|   |   |   |   |   |   |   |   |   |   |   |--- truncated branch of depth 2
|   |   |   |   |   |   |   |   |   |   |--- feature_0 >  5673291.50
|   |   |   |   |   |   |   |   |   |   |   |--- truncated branch of depth 2
|   |   |   |   |   |   |   |   |   |--- feature_0 >  5829444.00
|   |   |   |   |   |   |   |   |   |   |--- class: 0
|   |   |   |   |   |   |   |   |--- feature_1 >  43.50
|   |   |   |   |   |   |   |   |   |--- class: 0
|   |   |   |   |   |   |--- feature_1 >  48.50
|   |   |   |   |   |   |   |--- feature_7 <= 155.50
|   |   |   |   |   |   |   |   |--- feature_10 <= 10.50
|   |   |   |   |   |   |   |   |   |--- feature_0 <= 3388396.00
|   |   |   |   |   |   |   |   |   |   |--- feature_1 <= 55.50
|   |   |   |   |   |   |   |   |   |   |   |--- class: 0
|   |   |   |   |   |   |   |   |   |   |--- feature_1 >  55.50
|   |   |   |   |   |   |   |   |   |   |   |--- truncated branch of depth 3
|   |   |   |   |   |   |   |   |   |--- feature_0 >  3388396.00
|   |   |   |   |   |   |   |   |   |   |--- feature_6 <= 32.50
|   |   |   |   |   |   |   |   |   |   |   |--- truncated branch of depth 4
|   |   |   |   |   |   |   |   |   |   |--- feature_6 >  32.50
|   |   |   |   |   |   |   |   |   |   |   |--- class: 0
|   |   |   |   |   |   |   |   |--- feature_10 >  10.50
|   |   |   |   |   |   |   |   |   |--- feature_0 <= 1742351.00
|   |   |   |   |   |   |   |   |   |   |--- feature_7 <= 121.50
|   |   |   |   |   |   |   |   |   |   |   |--- truncated branch of depth 5
|   |   |   |   |   |   |   |   |   |   |--- feature_7 >  121.50
|   |   |   |   |   |   |   |   |   |   |   |--- class: 0
|   |   |   |   |   |   |   |   |   |--- feature_0 >  1742351.00
|   |   |   |   |   |   |   |   |   |   |--- feature_0 <= 1791463.50
|   |   |   |   |   |   |   |   |   |   |   |--- class: 1
|   |   |   |   |   |   |   |   |   |   |--- feature_0 >  1791463.50
|   |   |   |   |   |   |   |   |   |   |   |--- truncated branch of depth 8
|   |   |   |   |   |   |   |--- feature_7 >  155.50
|   |   |   |   |   |   |   |   |--- feature_0 <= 3490763.50
|   |   |   |   |   |   |   |   |   |--- feature_0 <= 2941476.00
|   |   |   |   |   |   |   |   |   |   |--- feature_0 <= 984835.50
|   |   |   |   |   |   |   |   |   |   |   |--- truncated branch of depth 5
|   |   |   |   |   |   |   |   |   |   |--- feature_0 >  984835.50
|   |   |   |   |   |   |   |   |   |   |   |--- truncated branch of depth 7
|   |   |   |   |   |   |   |   |   |--- feature_0 >  2941476.00
|   |   |   |   |   |   |   |   |   |   |--- feature_6 <= 15.50
|   |   |   |   |   |   |   |   |   |   |   |--- class: 0
|   |   |   |   |   |   |   |   |   |   |--- feature_6 >  15.50
|   |   |   |   |   |   |   |   |   |   |   |--- truncated branch of depth 4
|   |   |   |   |   |   |   |   |--- feature_0 >  3490763.50
|   |   |   |   |   |   |   |   |   |--- feature_7 <= 305.00
|   |   |   |   |   |   |   |   |   |   |--- feature_8 <= 26.00
|   |   |   |   |   |   |   |   |   |   |   |--- truncated branch of depth 7
|   |   |   |   |   |   |   |   |   |   |--- feature_8 >  26.00
|   |   |   |   |   |   |   |   |   |   |   |--- class: 1
|   |   |   |   |   |   |   |   |   |--- feature_7 >  305.00
|   |   |   |   |   |   |   |   |   |   |--- class: 1
|   |   |   |   |   |--- feature_6 >  40.50
|   |   |   |   |   |   |--- feature_10 <= 10.50
|   |   |   |   |   |   |   |--- feature_6 <= 45.50
|   |   |   |   |   |   |   |   |--- feature_1 <= 67.00
|   |   |   |   |   |   |   |   |   |--- class: 0
|   |   |   |   |   |   |   |   |--- feature_1 >  67.00
|   |   |   |   |   |   |   |   |   |--- class: 0
|   |   |   |   |   |   |   |--- feature_6 >  45.50
|   |   |   |   |   |   |   |   |--- feature_8 <= 1.00
|   |   |   |   |   |   |   |   |   |--- class: 0
|   |   |   |   |   |   |   |   |--- feature_8 >  1.00
|   |   |   |   |   |   |   |   |   |--- feature_8 <= 3.50
|   |   |   |   |   |   |   |   |   |   |--- class: 1
|   |   |   |   |   |   |   |   |   |--- feature_8 >  3.50
|   |   |   |   |   |   |   |   |   |   |--- class: 0
|   |   |   |   |   |   |--- feature_10 >  10.50
|   |   |   |   |   |   |   |--- feature_1 <= 32.50
|   |   |   |   |   |   |   |   |--- feature_1 <= 28.50
|   |   |   |   |   |   |   |   |   |--- class: 0
|   |   |   |   |   |   |   |   |--- feature_1 >  28.50
|   |   |   |   |   |   |   |   |   |--- feature_6 <= 47.50
|   |   |   |   |   |   |   |   |   |   |--- class: 0
|   |   |   |   |   |   |   |   |   |--- feature_6 >  47.50
|   |   |   |   |   |   |   |   |   |   |--- class: 0
|   |   |   |   |   |   |   |--- feature_1 >  32.50
|   |   |   |   |   |   |   |   |--- feature_1 <= 50.50
|   |   |   |   |   |   |   |   |   |--- feature_0 <= 2922675.00
|   |   |   |   |   |   |   |   |   |   |--- class: 0
|   |   |   |   |   |   |   |   |   |--- feature_0 >  2922675.00
|   |   |   |   |   |   |   |   |   |   |--- feature_7 <= 121.50
|   |   |   |   |   |   |   |   |   |   |   |--- class: 0
|   |   |   |   |   |   |   |   |   |   |--- feature_7 >  121.50
|   |   |   |   |   |   |   |   |   |   |   |--- truncated branch of depth 2
|   |   |   |   |   |   |   |   |--- feature_1 >  50.50
|   |   |   |   |   |   |   |   |   |--- feature_1 <= 56.50
|   |   |   |   |   |   |   |   |   |   |--- feature_8 <= 2.50
|   |   |   |   |   |   |   |   |   |   |   |--- truncated branch of depth 2
|   |   |   |   |   |   |   |   |   |   |--- feature_8 >  2.50
|   |   |   |   |   |   |   |   |   |   |   |--- class: 0
|   |   |   |   |   |   |   |   |   |--- feature_1 >  56.50
|   |   |   |   |   |   |   |   |   |   |--- feature_8 <= 22.50
|   |   |   |   |   |   |   |   |   |   |   |--- truncated branch of depth 7
|   |   |   |   |   |   |   |   |   |   |--- feature_8 >  22.50
|   |   |   |   |   |   |   |   |   |   |   |--- class: 0
|   |   |   |   |--- feature_0 >  5850359.00
|   |   |   |   |   |--- feature_6 <= 44.50
|   |   |   |   |   |   |--- feature_0 <= 5998015.50
|   |   |   |   |   |   |   |--- feature_1 <= 52.50
|   |   |   |   |   |   |   |   |--- feature_7 <= 130.00
|   |   |   |   |   |   |   |   |   |--- feature_6 <= 19.50
|   |   |   |   |   |   |   |   |   |   |--- class: 1
|   |   |   |   |   |   |   |   |   |--- feature_6 >  19.50
|   |   |   |   |   |   |   |   |   |   |--- class: 1
|   |   |   |   |   |   |   |   |--- feature_7 >  130.00
|   |   |   |   |   |   |   |   |   |--- feature_0 <= 5859089.50
|   |   |   |   |   |   |   |   |   |   |--- class: 0
|   |   |   |   |   |   |   |   |   |--- feature_0 >  5859089.50
|   |   |   |   |   |   |   |   |   |   |--- class: 0
|   |   |   |   |   |   |   |--- feature_1 >  52.50
|   |   |   |   |   |   |   |   |--- feature_1 <= 62.50
|   |   |   |   |   |   |   |   |   |--- class: 0
|   |   |   |   |   |   |   |   |--- feature_1 >  62.50
|   |   |   |   |   |   |   |   |   |--- class: 0
|   |   |   |   |   |   |--- feature_0 >  5998015.50
|   |   |   |   |   |   |   |--- feature_7 <= 201.50
|   |   |   |   |   |   |   |   |--- feature_2 <= 0.50
|   |   |   |   |   |   |   |   |   |--- feature_7 <= 13.50
|   |   |   |   |   |   |   |   |   |   |--- feature_0 <= 6552366.00
|   |   |   |   |   |   |   |   |   |   |   |--- class: 0
|   |   |   |   |   |   |   |   |   |   |--- feature_0 >  6552366.00
|   |   |   |   |   |   |   |   |   |   |   |--- truncated branch of depth 2
|   |   |   |   |   |   |   |   |   |--- feature_7 >  13.50
|   |   |   |   |   |   |   |   |   |   |--- feature_0 <= 6102539.00
|   |   |   |   |   |   |   |   |   |   |   |--- truncated branch of depth 2
|   |   |   |   |   |   |   |   |   |   |--- feature_0 >  6102539.00
|   |   |   |   |   |   |   |   |   |   |   |--- truncated branch of depth 8
|   |   |   |   |   |   |   |   |--- feature_2 >  0.50
|   |   |   |   |   |   |   |   |   |--- feature_6 <= 29.50
|   |   |   |   |   |   |   |   |   |   |--- feature_10 <= 10.50
|   |   |   |   |   |   |   |   |   |   |   |--- truncated branch of depth 3
|   |   |   |   |   |   |   |   |   |   |--- feature_10 >  10.50
|   |   |   |   |   |   |   |   |   |   |   |--- truncated branch of depth 8
|   |   |   |   |   |   |   |   |   |--- feature_6 >  29.50
|   |   |   |   |   |   |   |   |   |   |--- feature_5 <= 0.50
|   |   |   |   |   |   |   |   |   |   |   |--- truncated branch of depth 5
|   |   |   |   |   |   |   |   |   |   |--- feature_5 >  0.50
|   |   |   |   |   |   |   |   |   |   |   |--- truncated branch of depth 4
|   |   |   |   |   |   |   |--- feature_7 >  201.50
|   |   |   |   |   |   |   |   |--- feature_1 <= 68.50
|   |   |   |   |   |   |   |   |   |--- feature_10 <= 12.50
|   |   |   |   |   |   |   |   |   |   |--- feature_1 <= 42.50
|   |   |   |   |   |   |   |   |   |   |   |--- truncated branch of depth 6
|   |   |   |   |   |   |   |   |   |   |--- feature_1 >  42.50
|   |   |   |   |   |   |   |   |   |   |   |--- truncated branch of depth 4
|   |   |   |   |   |   |   |   |   |--- feature_10 >  12.50
|   |   |   |   |   |   |   |   |   |   |--- feature_0 <= 7659206.00
|   |   |   |   |   |   |   |   |   |   |   |--- truncated branch of depth 3
|   |   |   |   |   |   |   |   |   |   |--- feature_0 >  7659206.00
|   |   |   |   |   |   |   |   |   |   |   |--- truncated branch of depth 5
|   |   |   |   |   |   |   |   |--- feature_1 >  68.50
|   |   |   |   |   |   |   |   |   |--- feature_8 <= 21.00
|   |   |   |   |   |   |   |   |   |   |--- feature_6 <= 5.50
|   |   |   |   |   |   |   |   |   |   |   |--- class: 0
|   |   |   |   |   |   |   |   |   |   |--- feature_6 >  5.50
|   |   |   |   |   |   |   |   |   |   |   |--- truncated branch of depth 7
|   |   |   |   |   |   |   |   |   |--- feature_8 >  21.00
|   |   |   |   |   |   |   |   |   |   |--- feature_6 <= 13.50
|   |   |   |   |   |   |   |   |   |   |   |--- class: 0
|   |   |   |   |   |   |   |   |   |   |--- feature_6 >  13.50
|   |   |   |   |   |   |   |   |   |   |   |--- class: 0
|   |   |   |   |   |--- feature_6 >  44.50
|   |   |   |   |   |   |--- feature_6 <= 46.50
|   |   |   |   |   |   |   |--- feature_4 <= 1.50
|   |   |   |   |   |   |   |   |--- feature_7 <= 155.00
|   |   |   |   |   |   |   |   |   |--- class: 0
|   |   |   |   |   |   |   |   |--- feature_7 >  155.00
|   |   |   |   |   |   |   |   |   |--- class: 0
|   |   |   |   |   |   |   |--- feature_4 >  1.50
|   |   |   |   |   |   |   |   |--- feature_7 <= 264.50
|   |   |   |   |   |   |   |   |   |--- feature_8 <= 13.50
|   |   |   |   |   |   |   |   |   |   |--- feature_6 <= 45.50
|   |   |   |   |   |   |   |   |   |   |   |--- truncated branch of depth 2
|   |   |   |   |   |   |   |   |   |   |--- feature_6 >  45.50
|   |   |   |   |   |   |   |   |   |   |   |--- truncated branch of depth 4
|   |   |   |   |   |   |   |   |   |--- feature_8 >  13.50
|   |   |   |   |   |   |   |   |   |   |--- feature_7 <= 138.00
|   |   |   |   |   |   |   |   |   |   |   |--- class: 0
|   |   |   |   |   |   |   |   |   |   |--- feature_7 >  138.00
|   |   |   |   |   |   |   |   |   |   |   |--- class: 1
|   |   |   |   |   |   |   |   |--- feature_7 >  264.50
|   |   |   |   |   |   |   |   |   |--- feature_5 <= 0.50
|   |   |   |   |   |   |   |   |   |   |--- class: 0
|   |   |   |   |   |   |   |   |   |--- feature_5 >  0.50
|   |   |   |   |   |   |   |   |   |   |--- class: 0
|   |   |   |   |   |   |--- feature_6 >  46.50
|   |   |   |   |   |   |   |--- feature_8 <= 26.00
|   |   |   |   |   |   |   |   |--- feature_8 <= 0.50
|   |   |   |   |   |   |   |   |   |--- feature_0 <= 8468360.00
|   |   |   |   |   |   |   |   |   |   |--- class: 0
|   |   |   |   |   |   |   |   |   |--- feature_0 >  8468360.00
|   |   |   |   |   |   |   |   |   |   |--- feature_0 <= 8507897.50
|   |   |   |   |   |   |   |   |   |   |   |--- class: 1
|   |   |   |   |   |   |   |   |   |   |--- feature_0 >  8507897.50
|   |   |   |   |   |   |   |   |   |   |   |--- class: 0
|   |   |   |   |   |   |   |   |--- feature_8 >  0.50
|   |   |   |   |   |   |   |   |   |--- feature_0 <= 9296440.00
|   |   |   |   |   |   |   |   |   |   |--- feature_8 <= 9.50
|   |   |   |   |   |   |   |   |   |   |   |--- truncated branch of depth 2
|   |   |   |   |   |   |   |   |   |   |--- feature_8 >  9.50
|   |   |   |   |   |   |   |   |   |   |   |--- truncated branch of depth 3
|   |   |   |   |   |   |   |   |   |--- feature_0 >  9296440.00
|   |   |   |   |   |   |   |   |   |   |--- class: 0
|   |   |   |   |   |   |   |--- feature_8 >  26.00
|   |   |   |   |   |   |   |   |--- class: 1
|   |   |--- feature_9 >  1.50
|   |   |   |--- feature_7 <= 302.50
|   |   |   |   |--- feature_0 <= 154036.50
|   |   |   |   |   |--- feature_7 <= 65.00
|   |   |   |   |   |   |--- class: 0
|   |   |   |   |   |--- feature_7 >  65.00
|   |   |   |   |   |   |--- feature_0 <= 112804.00
|   |   |   |   |   |   |   |--- class: 0
|   |   |   |   |   |   |--- feature_0 >  112804.00
|   |   |   |   |   |   |   |--- class: 0
|   |   |   |   |--- feature_0 >  154036.50
|   |   |   |   |   |--- feature_4 <= 1.50
|   |   |   |   |   |   |--- feature_10 <= 13.50
|   |   |   |   |   |   |   |--- feature_7 <= 65.50
|   |   |   |   |   |   |   |   |--- class: 0
|   |   |   |   |   |   |   |--- feature_7 >  65.50
|   |   |   |   |   |   |   |   |--- feature_1 <= 32.50
|   |   |   |   |   |   |   |   |   |--- feature_1 <= 28.50
|   |   |   |   |   |   |   |   |   |   |--- class: 0
|   |   |   |   |   |   |   |   |   |--- feature_1 >  28.50
|   |   |   |   |   |   |   |   |   |   |--- class: 0
|   |   |   |   |   |   |   |   |--- feature_1 >  32.50
|   |   |   |   |   |   |   |   |   |--- feature_10 <= 12.50
|   |   |   |   |   |   |   |   |   |   |--- feature_1 <= 36.50
|   |   |   |   |   |   |   |   |   |   |   |--- class: 0
|   |   |   |   |   |   |   |   |   |   |--- feature_1 >  36.50
|   |   |   |   |   |   |   |   |   |   |   |--- truncated branch of depth 6
|   |   |   |   |   |   |   |   |   |--- feature_10 >  12.50
|   |   |   |   |   |   |   |   |   |   |--- class: 0
|   |   |   |   |   |   |--- feature_10 >  13.50
|   |   |   |   |   |   |   |--- feature_0 <= 4883046.00
|   |   |   |   |   |   |   |   |--- feature_0 <= 2731216.00
|   |   |   |   |   |   |   |   |   |--- feature_6 <= 16.00
|   |   |   |   |   |   |   |   |   |   |--- class: 1
|   |   |   |   |   |   |   |   |   |--- feature_6 >  16.00
|   |   |   |   |   |   |   |   |   |   |--- class: 1
|   |   |   |   |   |   |   |   |--- feature_0 >  2731216.00
|   |   |   |   |   |   |   |   |   |--- class: 0
|   |   |   |   |   |   |   |--- feature_0 >  4883046.00
|   |   |   |   |   |   |   |   |--- class: 0
|   |   |   |   |   |--- feature_4 >  1.50
|   |   |   |   |   |   |--- feature_7 <= 5.50
|   |   |   |   |   |   |   |--- feature_8 <= 20.00
|   |   |   |   |   |   |   |   |--- class: 0
|   |   |   |   |   |   |   |--- feature_8 >  20.00
|   |   |   |   |   |   |   |   |--- class: 0
|   |   |   |   |   |   |--- feature_7 >  5.50
|   |   |   |   |   |   |   |--- feature_1 <= 40.50
|   |   |   |   |   |   |   |   |--- feature_0 <= 438572.50
|   |   |   |   |   |   |   |   |   |--- class: 1
|   |   |   |   |   |   |   |   |--- feature_0 >  438572.50
|   |   |   |   |   |   |   |   |   |--- feature_7 <= 186.00
|   |   |   |   |   |   |   |   |   |   |--- feature_0 <= 7793643.50
|   |   |   |   |   |   |   |   |   |   |   |--- truncated branch of depth 7
|   |   |   |   |   |   |   |   |   |   |--- feature_0 >  7793643.50
|   |   |   |   |   |   |   |   |   |   |   |--- truncated branch of depth 5
|   |   |   |   |   |   |   |   |   |--- feature_7 >  186.00
|   |   |   |   |   |   |   |   |   |   |--- feature_8 <= 1.50
|   |   |   |   |   |   |   |   |   |   |   |--- class: 1
|   |   |   |   |   |   |   |   |   |   |--- feature_8 >  1.50
|   |   |   |   |   |   |   |   |   |   |   |--- truncated branch of depth 6
|   |   |   |   |   |   |   |--- feature_1 >  40.50
|   |   |   |   |   |   |   |   |--- feature_0 <= 8528560.50
|   |   |   |   |   |   |   |   |   |--- feature_0 <= 8040969.50
|   |   |   |   |   |   |   |   |   |   |--- feature_6 <= 49.50
|   |   |   |   |   |   |   |   |   |   |   |--- truncated branch of depth 10
|   |   |   |   |   |   |   |   |   |   |--- feature_6 >  49.50
|   |   |   |   |   |   |   |   |   |   |   |--- truncated branch of depth 3
|   |   |   |   |   |   |   |   |   |--- feature_0 >  8040969.50
|   |   |   |   |   |   |   |   |   |   |--- feature_7 <= 205.50
|   |   |   |   |   |   |   |   |   |   |   |--- truncated branch of depth 2
|   |   |   |   |   |   |   |   |   |   |--- feature_7 >  205.50
|   |   |   |   |   |   |   |   |   |   |   |--- truncated branch of depth 5
|   |   |   |   |   |   |   |   |--- feature_0 >  8528560.50
|   |   |   |   |   |   |   |   |   |--- feature_5 <= 0.50
|   |   |   |   |   |   |   |   |   |   |--- feature_6 <= 17.50
|   |   |   |   |   |   |   |   |   |   |   |--- truncated branch of depth 6
|   |   |   |   |   |   |   |   |   |   |--- feature_6 >  17.50
|   |   |   |   |   |   |   |   |   |   |   |--- truncated branch of depth 4
|   |   |   |   |   |   |   |   |   |--- feature_5 >  0.50
|   |   |   |   |   |   |   |   |   |   |--- feature_7 <= 132.50
|   |   |   |   |   |   |   |   |   |   |   |--- truncated branch of depth 2
|   |   |   |   |   |   |   |   |   |   |--- feature_7 >  132.50
|   |   |   |   |   |   |   |   |   |   |   |--- truncated branch of depth 3
|   |   |   |--- feature_7 >  302.50
|   |   |   |   |--- feature_6 <= 8.50
|   |   |   |   |   |--- class: 0
|   |   |   |   |--- feature_6 >  8.50
|   |   |   |   |   |--- feature_1 <= 48.50
|   |   |   |   |   |   |--- feature_0 <= 7127702.00
|   |   |   |   |   |   |   |--- feature_1 <= 32.00
|   |   |   |   |   |   |   |   |--- class: 0
|   |   |   |   |   |   |   |--- feature_1 >  32.00
|   |   |   |   |   |   |   |   |--- class: 0
|   |   |   |   |   |   |--- feature_0 >  7127702.00
|   |   |   |   |   |   |   |--- class: 0
|   |   |   |   |   |--- feature_1 >  48.50
|   |   |   |   |   |   |--- feature_6 <= 12.50
|   |   |   |   |   |   |   |--- class: 0
|   |   |   |   |   |   |--- feature_6 >  12.50
|   |   |   |   |   |   |   |--- class: 0
|--- feature_9 >  2.50
|   |--- feature_2 <= 17.50
|   |   |--- feature_4 <= 1.50
|   |   |   |--- feature_0 <= 1170670.00
|   |   |   |   |--- feature_9 <= 8.50
|   |   |   |   |   |--- feature_0 <= 741030.50
|   |   |   |   |   |   |--- feature_1 <= 75.50
|   |   |   |   |   |   |   |--- feature_8 <= 11.50
|   |   |   |   |   |   |   |   |--- feature_1 <= 53.50
|   |   |   |   |   |   |   |   |   |--- feature_1 <= 41.00
|   |   |   |   |   |   |   |   |   |   |--- class: 0
|   |   |   |   |   |   |   |   |   |--- feature_1 >  41.00
|   |   |   |   |   |   |   |   |   |   |--- class: 0
|   |   |   |   |   |   |   |   |--- feature_1 >  53.50
|   |   |   |   |   |   |   |   |   |--- class: 0
|   |   |   |   |   |   |   |--- feature_8 >  11.50
|   |   |   |   |   |   |   |   |--- feature_9 <= 3.50
|   |   |   |   |   |   |   |   |   |--- class: 0
|   |   |   |   |   |   |   |   |--- feature_9 >  3.50
|   |   |   |   |   |   |   |   |   |--- feature_10 <= 10.50
|   |   |   |   |   |   |   |   |   |   |--- class: 0
|   |   |   |   |   |   |   |   |   |--- feature_10 >  10.50
|   |   |   |   |   |   |   |   |   |   |--- feature_6 <= 6.50
|   |   |   |   |   |   |   |   |   |   |   |--- class: 0
|   |   |   |   |   |   |   |   |   |   |--- feature_6 >  6.50
|   |   |   |   |   |   |   |   |   |   |   |--- truncated branch of depth 3
|   |   |   |   |   |   |--- feature_1 >  75.50
|   |   |   |   |   |   |   |--- class: 0
|   |   |   |   |   |--- feature_0 >  741030.50
|   |   |   |   |   |   |--- feature_7 <= 83.50
|   |   |   |   |   |   |   |--- feature_7 <= 7.00
|   |   |   |   |   |   |   |   |--- class: 0
|   |   |   |   |   |   |   |--- feature_7 >  7.00
|   |   |   |   |   |   |   |   |--- class: 0
|   |   |   |   |   |   |--- feature_7 >  83.50
|   |   |   |   |   |   |   |--- feature_7 <= 151.00
|   |   |   |   |   |   |   |   |--- feature_6 <= 15.50
|   |   |   |   |   |   |   |   |   |--- class: 1
|   |   |   |   |   |   |   |   |--- feature_6 >  15.50
|   |   |   |   |   |   |   |   |   |--- feature_0 <= 887303.50
|   |   |   |   |   |   |   |   |   |   |--- class: 0
|   |   |   |   |   |   |   |   |   |--- feature_0 >  887303.50
|   |   |   |   |   |   |   |   |   |   |--- class: 0
|   |   |   |   |   |   |   |--- feature_7 >  151.00
|   |   |   |   |   |   |   |   |--- feature_9 <= 5.50
|   |   |   |   |   |   |   |   |   |--- feature_7 <= 262.00
|   |   |   |   |   |   |   |   |   |   |--- feature_10 <= 11.50
|   |   |   |   |   |   |   |   |   |   |   |--- class: 0
|   |   |   |   |   |   |   |   |   |   |--- feature_10 >  11.50
|   |   |   |   |   |   |   |   |   |   |   |--- class: 0
|   |   |   |   |   |   |   |   |   |--- feature_7 >  262.00
|   |   |   |   |   |   |   |   |   |   |--- class: 0
|   |   |   |   |   |   |   |   |--- feature_9 >  5.50
|   |   |   |   |   |   |   |   |   |--- feature_9 <= 7.50
|   |   |   |   |   |   |   |   |   |   |--- class: 0
|   |   |   |   |   |   |   |   |   |--- feature_9 >  7.50
|   |   |   |   |   |   |   |   |   |   |--- class: 0
|   |   |   |   |--- feature_9 >  8.50
|   |   |   |   |   |--- feature_0 <= 1016029.50
|   |   |   |   |   |   |--- feature_8 <= 24.00
|   |   |   |   |   |   |   |--- feature_7 <= 128.00
|   |   |   |   |   |   |   |   |--- class: 0
|   |   |   |   |   |   |   |--- feature_7 >  128.00
|   |   |   |   |   |   |   |   |--- feature_8 <= 5.50
|   |   |   |   |   |   |   |   |   |--- class: 0
|   |   |   |   |   |   |   |   |--- feature_8 >  5.50
|   |   |   |   |   |   |   |   |   |--- feature_6 <= 32.50
|   |   |   |   |   |   |   |   |   |   |--- feature_10 <= 12.50
|   |   |   |   |   |   |   |   |   |   |   |--- class: 0
|   |   |   |   |   |   |   |   |   |   |--- feature_10 >  12.50
|   |   |   |   |   |   |   |   |   |   |   |--- truncated branch of depth 2
|   |   |   |   |   |   |   |   |   |--- feature_6 >  32.50
|   |   |   |   |   |   |   |   |   |   |--- class: 0
|   |   |   |   |   |   |--- feature_8 >  24.00
|   |   |   |   |   |   |   |--- class: 1
|   |   |   |   |   |--- feature_0 >  1016029.50
|   |   |   |   |   |   |--- class: 0
|   |   |   |--- feature_0 >  1170670.00
|   |   |   |   |--- feature_7 <= 10.50
|   |   |   |   |   |--- feature_0 <= 9513360.00
|   |   |   |   |   |   |--- feature_7 <= 7.50
|   |   |   |   |   |   |   |--- feature_7 <= 4.50
|   |   |   |   |   |   |   |   |--- feature_1 <= 55.50
|   |   |   |   |   |   |   |   |   |--- class: 0
|   |   |   |   |   |   |   |   |--- feature_1 >  55.50
|   |   |   |   |   |   |   |   |   |--- class: 0
|   |   |   |   |   |   |   |--- feature_7 >  4.50
|   |   |   |   |   |   |   |   |--- class: 0
|   |   |   |   |   |   |--- feature_7 >  7.50
|   |   |   |   |   |   |   |--- feature_0 <= 7236925.00
|   |   |   |   |   |   |   |   |--- class: 0
|   |   |   |   |   |   |   |--- feature_0 >  7236925.00
|   |   |   |   |   |   |   |   |--- class: 0
|   |   |   |   |   |--- feature_0 >  9513360.00
|   |   |   |   |   |   |--- feature_0 <= 9762312.50
|   |   |   |   |   |   |   |--- feature_7 <= 5.00
|   |   |   |   |   |   |   |   |--- class: 1
|   |   |   |   |   |   |   |--- feature_7 >  5.00
|   |   |   |   |   |   |   |   |--- class: 1
|   |   |   |   |   |   |--- feature_0 >  9762312.50
|   |   |   |   |   |   |   |--- class: 0
|   |   |   |   |--- feature_7 >  10.50
|   |   |   |   |   |--- feature_7 <= 39.50
|   |   |   |   |   |   |--- feature_0 <= 6205180.00
|   |   |   |   |   |   |   |--- feature_1 <= 77.50
|   |   |   |   |   |   |   |   |--- feature_8 <= 4.00
|   |   |   |   |   |   |   |   |   |--- feature_6 <= 30.00
|   |   |   |   |   |   |   |   |   |   |--- class: 0
|   |   |   |   |   |   |   |   |   |--- feature_6 >  30.00
|   |   |   |   |   |   |   |   |   |   |--- class: 0
|   |   |   |   |   |   |   |   |--- feature_8 >  4.00
|   |   |   |   |   |   |   |   |   |--- feature_9 <= 5.50
|   |   |   |   |   |   |   |   |   |   |--- feature_4 <= 0.50
|   |   |   |   |   |   |   |   |   |   |   |--- class: 0
|   |   |   |   |   |   |   |   |   |   |--- feature_4 >  0.50
|   |   |   |   |   |   |   |   |   |   |   |--- class: 0
|   |   |   |   |   |   |   |   |   |--- feature_9 >  5.50
|   |   |   |   |   |   |   |   |   |   |--- class: 0
|   |   |   |   |   |   |   |--- feature_1 >  77.50
|   |   |   |   |   |   |   |   |--- class: 0
|   |   |   |   |   |   |--- feature_0 >  6205180.00
|   |   |   |   |   |   |   |--- feature_7 <= 29.50
|   |   |   |   |   |   |   |   |--- feature_1 <= 53.50
|   |   |   |   |   |   |   |   |   |--- feature_1 <= 34.50
|   |   |   |   |   |   |   |   |   |   |--- feature_9 <= 5.50
|   |   |   |   |   |   |   |   |   |   |   |--- class: 0
|   |   |   |   |   |   |   |   |   |   |--- feature_9 >  5.50
|   |   |   |   |   |   |   |   |   |   |   |--- class: 0
|   |   |   |   |   |   |   |   |   |--- feature_1 >  34.50
|   |   |   |   |   |   |   |   |   |   |--- class: 0
|   |   |   |   |   |   |   |   |--- feature_1 >  53.50
|   |   |   |   |   |   |   |   |   |--- feature_6 <= 32.00
|   |   |   |   |   |   |   |   |   |   |--- class: 0
|   |   |   |   |   |   |   |   |   |--- feature_6 >  32.00
|   |   |   |   |   |   |   |   |   |   |--- class: 0
|   |   |   |   |   |   |   |--- feature_7 >  29.50
|   |   |   |   |   |   |   |   |--- feature_2 <= 10.50
|   |   |   |   |   |   |   |   |   |--- class: 0
|   |   |   |   |   |   |   |   |--- feature_2 >  10.50
|   |   |   |   |   |   |   |   |   |--- class: 0
|   |   |   |   |   |--- feature_7 >  39.50
|   |   |   |   |   |   |--- feature_7 <= 40.50
|   |   |   |   |   |   |   |--- class: 1
|   |   |   |   |   |   |--- feature_7 >  40.50
|   |   |   |   |   |   |   |--- feature_8 <= 17.50
|   |   |   |   |   |   |   |   |--- feature_7 <= 81.50
|   |   |   |   |   |   |   |   |   |--- feature_1 <= 65.00
|   |   |   |   |   |   |   |   |   |   |--- feature_1 <= 31.50
|   |   |   |   |   |   |   |   |   |   |   |--- truncated branch of depth 3
|   |   |   |   |   |   |   |   |   |   |--- feature_1 >  31.50
|   |   |   |   |   |   |   |   |   |   |   |--- truncated branch of depth 7
|   |   |   |   |   |   |   |   |   |--- feature_1 >  65.00
|   |   |   |   |   |   |   |   |   |   |--- feature_2 <= 6.50
|   |   |   |   |   |   |   |   |   |   |   |--- truncated branch of depth 2
|   |   |   |   |   |   |   |   |   |   |--- feature_2 >  6.50
|   |   |   |   |   |   |   |   |   |   |   |--- class: 0
|   |   |   |   |   |   |   |   |--- feature_7 >  81.50
|   |   |   |   |   |   |   |   |   |--- feature_1 <= 65.50
|   |   |   |   |   |   |   |   |   |   |--- feature_7 <= 172.00
|   |   |   |   |   |   |   |   |   |   |   |--- truncated branch of depth 7
|   |   |   |   |   |   |   |   |   |   |--- feature_7 >  172.00
|   |   |   |   |   |   |   |   |   |   |   |--- truncated branch of depth 10
|   |   |   |   |   |   |   |   |   |--- feature_1 >  65.50
|   |   |   |   |   |   |   |   |   |   |--- feature_6 <= 17.50
|   |   |   |   |   |   |   |   |   |   |   |--- truncated branch of depth 5
|   |   |   |   |   |   |   |   |   |   |--- feature_6 >  17.50
|   |   |   |   |   |   |   |   |   |   |   |--- truncated branch of depth 8
|   |   |   |   |   |   |   |--- feature_8 >  17.50
|   |   |   |   |   |   |   |   |--- feature_6 <= 41.50
|   |   |   |   |   |   |   |   |   |--- feature_10 <= 13.50
|   |   |   |   |   |   |   |   |   |   |--- feature_4 <= 0.50
|   |   |   |   |   |   |   |   |   |   |   |--- truncated branch of depth 7
|   |   |   |   |   |   |   |   |   |   |--- feature_4 >  0.50
|   |   |   |   |   |   |   |   |   |   |   |--- truncated branch of depth 9
|   |   |   |   |   |   |   |   |   |--- feature_10 >  13.50
|   |   |   |   |   |   |   |   |   |   |--- feature_6 <= 8.50
|   |   |   |   |   |   |   |   |   |   |   |--- truncated branch of depth 3
|   |   |   |   |   |   |   |   |   |   |--- feature_6 >  8.50
|   |   |   |   |   |   |   |   |   |   |   |--- truncated branch of depth 6
|   |   |   |   |   |   |   |   |--- feature_6 >  41.50
|   |   |   |   |   |   |   |   |   |--- feature_6 <= 48.50
|   |   |   |   |   |   |   |   |   |   |--- feature_0 <= 9414712.00
|   |   |   |   |   |   |   |   |   |   |   |--- truncated branch of depth 7
|   |   |   |   |   |   |   |   |   |   |--- feature_0 >  9414712.00
|   |   |   |   |   |   |   |   |   |   |   |--- class: 0
|   |   |   |   |   |   |   |   |   |--- feature_6 >  48.50
|   |   |   |   |   |   |   |   |   |   |--- feature_4 <= 0.50
|   |   |   |   |   |   |   |   |   |   |   |--- class: 0
|   |   |   |   |   |   |   |   |   |   |--- feature_4 >  0.50
|   |   |   |   |   |   |   |   |   |   |   |--- truncated branch of depth 2
|   |   |--- feature_4 >  1.50
|   |   |   |--- feature_1 <= 29.50
|   |   |   |   |--- feature_2 <= 14.50
|   |   |   |   |   |--- feature_9 <= 7.50
|   |   |   |   |   |   |--- feature_8 <= 7.50
|   |   |   |   |   |   |   |--- feature_1 <= 28.50
|   |   |   |   |   |   |   |   |--- feature_5 <= 0.50
|   |   |   |   |   |   |   |   |   |--- feature_10 <= 12.50
|   |   |   |   |   |   |   |   |   |   |--- feature_8 <= 3.00
|   |   |   |   |   |   |   |   |   |   |   |--- truncated branch of depth 8
|   |   |   |   |   |   |   |   |   |   |--- feature_8 >  3.00
|   |   |   |   |   |   |   |   |   |   |   |--- truncated branch of depth 6
|   |   |   |   |   |   |   |   |   |--- feature_10 >  12.50
|   |   |   |   |   |   |   |   |   |   |--- feature_7 <= 43.50
|   |   |   |   |   |   |   |   |   |   |   |--- class: 0
|   |   |   |   |   |   |   |   |   |   |--- feature_7 >  43.50
|   |   |   |   |   |   |   |   |   |   |   |--- truncated branch of depth 10
|   |   |   |   |   |   |   |   |--- feature_5 >  0.50
|   |   |   |   |   |   |   |   |   |--- feature_6 <= 41.50
|   |   |   |   |   |   |   |   |   |   |--- feature_7 <= 32.50
|   |   |   |   |   |   |   |   |   |   |   |--- class: 0
|   |   |   |   |   |   |   |   |   |   |--- feature_7 >  32.50
|   |   |   |   |   |   |   |   |   |   |   |--- truncated branch of depth 6
|   |   |   |   |   |   |   |   |   |--- feature_6 >  41.50
|   |   |   |   |   |   |   |   |   |   |--- feature_1 <= 27.50
|   |   |   |   |   |   |   |   |   |   |   |--- truncated branch of depth 2
|   |   |   |   |   |   |   |   |   |   |--- feature_1 >  27.50
|   |   |   |   |   |   |   |   |   |   |   |--- class: 0
|   |   |   |   |   |   |   |--- feature_1 >  28.50
|   |   |   |   |   |   |   |   |--- feature_5 <= 0.50
|   |   |   |   |   |   |   |   |   |--- feature_0 <= 4767440.00
|   |   |   |   |   |   |   |   |   |   |--- class: 0
|   |   |   |   |   |   |   |   |   |--- feature_0 >  4767440.00
|   |   |   |   |   |   |   |   |   |   |--- feature_8 <= 3.50
|   |   |   |   |   |   |   |   |   |   |   |--- truncated branch of depth 3
|   |   |   |   |   |   |   |   |   |   |--- feature_8 >  3.50
|   |   |   |   |   |   |   |   |   |   |   |--- class: 0
|   |   |   |   |   |   |   |   |--- feature_5 >  0.50
|   |   |   |   |   |   |   |   |   |--- feature_6 <= 10.50
|   |   |   |   |   |   |   |   |   |   |--- class: 0
|   |   |   |   |   |   |   |   |   |--- feature_6 >  10.50
|   |   |   |   |   |   |   |   |   |   |--- feature_6 <= 44.50
|   |   |   |   |   |   |   |   |   |   |   |--- class: 0
|   |   |   |   |   |   |   |   |   |   |--- feature_6 >  44.50
|   |   |   |   |   |   |   |   |   |   |   |--- class: 0
|   |   |   |   |   |   |--- feature_8 >  7.50
|   |   |   |   |   |   |   |--- feature_1 <= 27.50
|   |   |   |   |   |   |   |   |--- feature_6 <= 17.50
|   |   |   |   |   |   |   |   |   |--- feature_7 <= 251.00
|   |   |   |   |   |   |   |   |   |   |--- feature_0 <= 3102091.00
|   |   |   |   |   |   |   |   |   |   |   |--- truncated branch of depth 10
|   |   |   |   |   |   |   |   |   |   |--- feature_0 >  3102091.00
|   |   |   |   |   |   |   |   |   |   |   |--- truncated branch of depth 7
|   |   |   |   |   |   |   |   |   |--- feature_7 >  251.00
|   |   |   |   |   |   |   |   |   |   |--- feature_9 <= 6.50
|   |   |   |   |   |   |   |   |   |   |   |--- truncated branch of depth 6
|   |   |   |   |   |   |   |   |   |   |--- feature_9 >  6.50
|   |   |   |   |   |   |   |   |   |   |   |--- class: 0
|   |   |   |   |   |   |   |   |--- feature_6 >  17.50
|   |   |   |   |   |   |   |   |   |--- feature_6 <= 46.50
|   |   |   |   |   |   |   |   |   |   |--- feature_7 <= 71.00
|   |   |   |   |   |   |   |   |   |   |   |--- truncated branch of depth 8
|   |   |   |   |   |   |   |   |   |   |--- feature_7 >  71.00
|   |   |   |   |   |   |   |   |   |   |   |--- truncated branch of depth 10
|   |   |   |   |   |   |   |   |   |--- feature_6 >  46.50
|   |   |   |   |   |   |   |   |   |   |--- feature_2 <= 9.50
|   |   |   |   |   |   |   |   |   |   |   |--- truncated branch of depth 6
|   |   |   |   |   |   |   |   |   |   |--- feature_2 >  9.50
|   |   |   |   |   |   |   |   |   |   |   |--- truncated branch of depth 5
|   |   |   |   |   |   |   |--- feature_1 >  27.50
|   |   |   |   |   |   |   |   |--- feature_0 <= 5880876.50
|   |   |   |   |   |   |   |   |   |--- feature_0 <= 3642542.50
|   |   |   |   |   |   |   |   |   |   |--- feature_6 <= 43.50
|   |   |   |   |   |   |   |   |   |   |   |--- truncated branch of depth 8
|   |   |   |   |   |   |   |   |   |   |--- feature_6 >  43.50
|   |   |   |   |   |   |   |   |   |   |   |--- truncated branch of depth 2
|   |   |   |   |   |   |   |   |   |--- feature_0 >  3642542.50
|   |   |   |   |   |   |   |   |   |   |--- feature_7 <= 74.00
|   |   |   |   |   |   |   |   |   |   |   |--- class: 0
|   |   |   |   |   |   |   |   |   |   |--- feature_7 >  74.00
|   |   |   |   |   |   |   |   |   |   |   |--- truncated branch of depth 3
|   |   |   |   |   |   |   |   |--- feature_0 >  5880876.50
|   |   |   |   |   |   |   |   |   |--- feature_7 <= 84.00
|   |   |   |   |   |   |   |   |   |   |--- feature_8 <= 13.50
|   |   |   |   |   |   |   |   |   |   |   |--- class: 0
|   |   |   |   |   |   |   |   |   |   |--- feature_8 >  13.50
|   |   |   |   |   |   |   |   |   |   |   |--- truncated branch of depth 2
|   |   |   |   |   |   |   |   |   |--- feature_7 >  84.00
|   |   |   |   |   |   |   |   |   |   |--- feature_6 <= 2.50
|   |   |   |   |   |   |   |   |   |   |   |--- class: 0
|   |   |   |   |   |   |   |   |   |   |--- feature_6 >  2.50
|   |   |   |   |   |   |   |   |   |   |   |--- truncated branch of depth 7
|   |   |   |   |   |--- feature_9 >  7.50
|   |   |   |   |   |   |--- feature_7 <= 269.50
|   |   |   |   |   |   |   |--- feature_7 <= 267.50
|   |   |   |   |   |   |   |   |--- feature_8 <= 24.00
|   |   |   |   |   |   |   |   |   |--- feature_0 <= 9322143.50
|   |   |   |   |   |   |   |   |   |   |--- feature_9 <= 10.50
|   |   |   |   |   |   |   |   |   |   |   |--- truncated branch of depth 9
|   |   |   |   |   |   |   |   |   |   |--- feature_9 >  10.50
|   |   |   |   |   |   |   |   |   |   |   |--- truncated branch of depth 8
|   |   |   |   |   |   |   |   |   |--- feature_0 >  9322143.50
|   |   |   |   |   |   |   |   |   |   |--- feature_6 <= 39.00
|   |   |   |   |   |   |   |   |   |   |   |--- truncated branch of depth 3
|   |   |   |   |   |   |   |   |   |   |--- feature_6 >  39.00
|   |   |   |   |   |   |   |   |   |   |   |--- truncated branch of depth 2
|   |   |   |   |   |   |   |   |--- feature_8 >  24.00
|   |   |   |   |   |   |   |   |   |--- feature_10 <= 11.50
|   |   |   |   |   |   |   |   |   |   |--- feature_6 <= 13.50
|   |   |   |   |   |   |   |   |   |   |   |--- truncated branch of depth 3
|   |   |   |   |   |   |   |   |   |   |--- feature_6 >  13.50
|   |   |   |   |   |   |   |   |   |   |   |--- truncated branch of depth 5
|   |   |   |   |   |   |   |   |   |--- feature_10 >  11.50
|   |   |   |   |   |   |   |   |   |   |--- feature_1 <= 22.50
|   |   |   |   |   |   |   |   |   |   |   |--- truncated branch of depth 3
|   |   |   |   |   |   |   |   |   |   |--- feature_1 >  22.50
|   |   |   |   |   |   |   |   |   |   |   |--- truncated branch of depth 5
|   |   |   |   |   |   |   |--- feature_7 >  267.50
|   |   |   |   |   |   |   |   |--- class: 1
|   |   |   |   |   |   |--- feature_7 >  269.50
|   |   |   |   |   |   |   |--- feature_0 <= 9122876.00
|   |   |   |   |   |   |   |   |--- feature_1 <= 27.50
|   |   |   |   |   |   |   |   |   |--- feature_7 <= 275.50
|   |   |   |   |   |   |   |   |   |   |--- class: 0
|   |   |   |   |   |   |   |   |   |--- feature_7 >  275.50
|   |   |   |   |   |   |   |   |   |   |--- feature_6 <= 6.50
|   |   |   |   |   |   |   |   |   |   |   |--- class: 0
|   |   |   |   |   |   |   |   |   |   |--- feature_6 >  6.50
|   |   |   |   |   |   |   |   |   |   |   |--- truncated branch of depth 6
|   |   |   |   |   |   |   |   |--- feature_1 >  27.50
|   |   |   |   |   |   |   |   |   |--- feature_6 <= 14.50
|   |   |   |   |   |   |   |   |   |   |--- class: 0
|   |   |   |   |   |   |   |   |   |--- feature_6 >  14.50
|   |   |   |   |   |   |   |   |   |   |--- class: 0
|   |   |   |   |   |   |   |--- feature_0 >  9122876.00
|   |   |   |   |   |   |   |   |--- class: 0
|   |   |   |   |--- feature_2 >  14.50
|   |   |   |   |   |--- feature_8 <= 18.50
|   |   |   |   |   |   |--- feature_7 <= 182.00
|   |   |   |   |   |   |   |--- feature_9 <= 4.50
|   |   |   |   |   |   |   |   |--- feature_0 <= 3066817.50
|   |   |   |   |   |   |   |   |   |--- class: 0
|   |   |   |   |   |   |   |   |--- feature_0 >  3066817.50
|   |   |   |   |   |   |   |   |   |--- class: 0
|   |   |   |   |   |   |   |--- feature_9 >  4.50
|   |   |   |   |   |   |   |   |--- feature_8 <= 0.50
|   |   |   |   |   |   |   |   |   |--- feature_9 <= 13.50
|   |   |   |   |   |   |   |   |   |   |--- feature_6 <= 44.50
|   |   |   |   |   |   |   |   |   |   |   |--- truncated branch of depth 5
|   |   |   |   |   |   |   |   |   |   |--- feature_6 >  44.50
|   |   |   |   |   |   |   |   |   |   |   |--- truncated branch of depth 2
|   |   |   |   |   |   |   |   |   |--- feature_9 >  13.50
|   |   |   |   |   |   |   |   |   |   |--- class: 0
|   |   |   |   |   |   |   |   |--- feature_8 >  0.50
|   |   |   |   |   |   |   |   |   |--- feature_7 <= 65.50
|   |   |   |   |   |   |   |   |   |   |--- feature_5 <= 0.50
|   |   |   |   |   |   |   |   |   |   |   |--- truncated branch of depth 4
|   |   |   |   |   |   |   |   |   |   |--- feature_5 >  0.50
|   |   |   |   |   |   |   |   |   |   |   |--- class: 0
|   |   |   |   |   |   |   |   |   |--- feature_7 >  65.50
|   |   |   |   |   |   |   |   |   |   |--- feature_7 <= 107.50
|   |   |   |   |   |   |   |   |   |   |   |--- truncated branch of depth 7
|   |   |   |   |   |   |   |   |   |   |--- feature_7 >  107.50
|   |   |   |   |   |   |   |   |   |   |   |--- truncated branch of depth 5
|   |   |   |   |   |   |--- feature_7 >  182.00
|   |   |   |   |   |   |   |--- feature_6 <= 45.50
|   |   |   |   |   |   |   |   |--- feature_10 <= 11.50
|   |   |   |   |   |   |   |   |   |--- feature_9 <= 3.50
|   |   |   |   |   |   |   |   |   |   |--- class: 0
|   |   |   |   |   |   |   |   |   |--- feature_9 >  3.50
|   |   |   |   |   |   |   |   |   |   |--- feature_1 <= 22.50
|   |   |   |   |   |   |   |   |   |   |   |--- truncated branch of depth 2
|   |   |   |   |   |   |   |   |   |   |--- feature_1 >  22.50
|   |   |   |   |   |   |   |   |   |   |   |--- truncated branch of depth 8
|   |   |   |   |   |   |   |   |--- feature_10 >  11.50
|   |   |   |   |   |   |   |   |   |--- feature_10 <= 12.50
|   |   |   |   |   |   |   |   |   |   |--- feature_0 <= 4065508.50
|   |   |   |   |   |   |   |   |   |   |   |--- truncated branch of depth 2
|   |   |   |   |   |   |   |   |   |   |--- feature_0 >  4065508.50
|   |   |   |   |   |   |   |   |   |   |   |--- class: 0
|   |   |   |   |   |   |   |   |   |--- feature_10 >  12.50
|   |   |   |   |   |   |   |   |   |   |--- feature_9 <= 6.50
|   |   |   |   |   |   |   |   |   |   |   |--- truncated branch of depth 2
|   |   |   |   |   |   |   |   |   |   |--- feature_9 >  6.50
|   |   |   |   |   |   |   |   |   |   |   |--- truncated branch of depth 5
|   |   |   |   |   |   |   |--- feature_6 >  45.50
|   |   |   |   |   |   |   |   |--- feature_9 <= 12.50
|   |   |   |   |   |   |   |   |   |--- class: 0
|   |   |   |   |   |   |   |   |--- feature_9 >  12.50
|   |   |   |   |   |   |   |   |   |--- class: 0
|   |   |   |   |   |--- feature_8 >  18.50
|   |   |   |   |   |   |--- feature_3 <= 0.50
|   |   |   |   |   |   |   |--- feature_9 <= 9.50
|   |   |   |   |   |   |   |   |--- class: 0
|   |   |   |   |   |   |   |--- feature_9 >  9.50
|   |   |   |   |   |   |   |   |--- class: 0
|   |   |   |   |   |   |--- feature_3 >  0.50
|   |   |   |   |   |   |   |--- feature_7 <= 170.00
|   |   |   |   |   |   |   |   |--- feature_7 <= 165.50
|   |   |   |   |   |   |   |   |   |--- feature_9 <= 4.50
|   |   |   |   |   |   |   |   |   |   |--- feature_10 <= 12.50
|   |   |   |   |   |   |   |   |   |   |   |--- truncated branch of depth 2
|   |   |   |   |   |   |   |   |   |   |--- feature_10 >  12.50
|   |   |   |   |   |   |   |   |   |   |   |--- class: 0
|   |   |   |   |   |   |   |   |   |--- feature_9 >  4.50
|   |   |   |   |   |   |   |   |   |   |--- feature_7 <= 25.50
|   |   |   |   |   |   |   |   |   |   |   |--- truncated branch of depth 2
|   |   |   |   |   |   |   |   |   |   |--- feature_7 >  25.50
|   |   |   |   |   |   |   |   |   |   |   |--- truncated branch of depth 5
|   |   |   |   |   |   |   |   |--- feature_7 >  165.50
|   |   |   |   |   |   |   |   |   |--- class: 1
|   |   |   |   |   |   |   |--- feature_7 >  170.00
|   |   |   |   |   |   |   |   |--- feature_7 <= 260.50
|   |   |   |   |   |   |   |   |   |--- feature_10 <= 13.50
|   |   |   |   |   |   |   |   |   |   |--- feature_1 <= 26.50
|   |   |   |   |   |   |   |   |   |   |   |--- truncated branch of depth 4
|   |   |   |   |   |   |   |   |   |   |--- feature_1 >  26.50
|   |   |   |   |   |   |   |   |   |   |   |--- class: 0
|   |   |   |   |   |   |   |   |   |--- feature_10 >  13.50
|   |   |   |   |   |   |   |   |   |   |--- class: 0
|   |   |   |   |   |   |   |   |--- feature_7 >  260.50
|   |   |   |   |   |   |   |   |   |--- feature_1 <= 25.50
|   |   |   |   |   |   |   |   |   |   |--- class: 0
|   |   |   |   |   |   |   |   |   |--- feature_1 >  25.50
|   |   |   |   |   |   |   |   |   |   |--- feature_10 <= 11.50
|   |   |   |   |   |   |   |   |   |   |   |--- class: 1
|   |   |   |   |   |   |   |   |   |   |--- feature_10 >  11.50
|   |   |   |   |   |   |   |   |   |   |   |--- class: 0
|   |   |   |--- feature_1 >  29.50
|   |   |   |   |--- feature_0 <= 254423.00
|   |   |   |   |   |--- feature_7 <= 40.00
|   |   |   |   |   |   |--- feature_0 <= 196002.50
|   |   |   |   |   |   |   |--- feature_6 <= 6.50
|   |   |   |   |   |   |   |   |--- class: 0
|   |   |   |   |   |   |   |--- feature_6 >  6.50
|   |   |   |   |   |   |   |   |--- class: 0
|   |   |   |   |   |   |--- feature_0 >  196002.50
|   |   |   |   |   |   |   |--- class: 0
|   |   |   |   |   |--- feature_7 >  40.00
|   |   |   |   |   |   |--- feature_2 <= 10.50
|   |   |   |   |   |   |   |--- feature_0 <= 214177.50
|   |   |   |   |   |   |   |   |--- feature_9 <= 6.50
|   |   |   |   |   |   |   |   |   |--- feature_10 <= 12.50
|   |   |   |   |   |   |   |   |   |   |--- feature_6 <= 1.50
|   |   |   |   |   |   |   |   |   |   |   |--- class: 0
|   |   |   |   |   |   |   |   |   |   |--- feature_6 >  1.50
|   |   |   |   |   |   |   |   |   |   |   |--- truncated branch of depth 5
|   |   |   |   |   |   |   |   |   |--- feature_10 >  12.50
|   |   |   |   |   |   |   |   |   |   |--- feature_7 <= 111.00
|   |   |   |   |   |   |   |   |   |   |   |--- class: 0
|   |   |   |   |   |   |   |   |   |   |--- feature_7 >  111.00
|   |   |   |   |   |   |   |   |   |   |   |--- truncated branch of depth 4
|   |   |   |   |   |   |   |   |--- feature_9 >  6.50
|   |   |   |   |   |   |   |   |   |--- feature_7 <= 166.50
|   |   |   |   |   |   |   |   |   |   |--- feature_7 <= 94.50
|   |   |   |   |   |   |   |   |   |   |   |--- class: 0
|   |   |   |   |   |   |   |   |   |   |--- feature_7 >  94.50
|   |   |   |   |   |   |   |   |   |   |   |--- truncated branch of depth 3
|   |   |   |   |   |   |   |   |   |--- feature_7 >  166.50
|   |   |   |   |   |   |   |   |   |   |--- feature_1 <= 72.50
|   |   |   |   |   |   |   |   |   |   |   |--- truncated branch of depth 3
|   |   |   |   |   |   |   |   |   |   |--- feature_1 >  72.50
|   |   |   |   |   |   |   |   |   |   |   |--- class: 1
|   |   |   |   |   |   |   |--- feature_0 >  214177.50
|   |   |   |   |   |   |   |   |--- feature_7 <= 283.00
|   |   |   |   |   |   |   |   |   |--- feature_9 <= 3.50
|   |   |   |   |   |   |   |   |   |   |--- class: 0
|   |   |   |   |   |   |   |   |   |--- feature_9 >  3.50
|   |   |   |   |   |   |   |   |   |   |--- feature_2 <= 4.50
|   |   |   |   |   |   |   |   |   |   |   |--- class: 1
|   |   |   |   |   |   |   |   |   |   |--- feature_2 >  4.50
|   |   |   |   |   |   |   |   |   |   |   |--- truncated branch of depth 5
|   |   |   |   |   |   |   |   |--- feature_7 >  283.00
|   |   |   |   |   |   |   |   |   |--- class: 0
|   |   |   |   |   |   |--- feature_2 >  10.50
|   |   |   |   |   |   |   |--- feature_1 <= 62.50
|   |   |   |   |   |   |   |   |--- feature_0 <= 157901.00
|   |   |   |   |   |   |   |   |   |--- feature_8 <= 0.50
|   |   |   |   |   |   |   |   |   |   |--- feature_6 <= 13.50
|   |   |   |   |   |   |   |   |   |   |   |--- class: 0
|   |   |   |   |   |   |   |   |   |   |--- feature_6 >  13.50
|   |   |   |   |   |   |   |   |   |   |   |--- class: 0
|   |   |   |   |   |   |   |   |   |--- feature_8 >  0.50
|   |   |   |   |   |   |   |   |   |   |--- feature_7 <= 192.00
|   |   |   |   |   |   |   |   |   |   |   |--- truncated branch of depth 5
|   |   |   |   |   |   |   |   |   |   |--- feature_7 >  192.00
|   |   |   |   |   |   |   |   |   |   |   |--- truncated branch of depth 5
|   |   |   |   |   |   |   |   |--- feature_0 >  157901.00
|   |   |   |   |   |   |   |   |   |--- feature_0 <= 230445.00
|   |   |   |   |   |   |   |   |   |   |--- feature_1 <= 57.50
|   |   |   |   |   |   |   |   |   |   |   |--- class: 0
|   |   |   |   |   |   |   |   |   |   |--- feature_1 >  57.50
|   |   |   |   |   |   |   |   |   |   |   |--- class: 0
|   |   |   |   |   |   |   |   |   |--- feature_0 >  230445.00
|   |   |   |   |   |   |   |   |   |   |--- class: 0
|   |   |   |   |   |   |   |--- feature_1 >  62.50
|   |   |   |   |   |   |   |   |--- feature_0 <= 209648.00
|   |   |   |   |   |   |   |   |   |--- feature_0 <= 112941.50
|   |   |   |   |   |   |   |   |   |   |--- feature_2 <= 16.50
|   |   |   |   |   |   |   |   |   |   |   |--- class: 0
|   |   |   |   |   |   |   |   |   |   |--- feature_2 >  16.50
|   |   |   |   |   |   |   |   |   |   |   |--- class: 0
|   |   |   |   |   |   |   |   |   |--- feature_0 >  112941.50
|   |   |   |   |   |   |   |   |   |   |--- feature_1 <= 66.50
|   |   |   |   |   |   |   |   |   |   |   |--- truncated branch of depth 2
|   |   |   |   |   |   |   |   |   |   |--- feature_1 >  66.50
|   |   |   |   |   |   |   |   |   |   |   |--- truncated branch of depth 2
|   |   |   |   |   |   |   |   |--- feature_0 >  209648.00
|   |   |   |   |   |   |   |   |   |--- class: 0
|   |   |   |   |--- feature_0 >  254423.00
|   |   |   |   |   |--- feature_6 <= 48.50
|   |   |   |   |   |   |--- feature_0 <= 9879000.50
|   |   |   |   |   |   |   |--- feature_0 <= 8997247.50
|   |   |   |   |   |   |   |   |--- feature_1 <= 75.50
|   |   |   |   |   |   |   |   |   |--- feature_6 <= 0.50
|   |   |   |   |   |   |   |   |   |   |--- feature_10 <= 11.50
|   |   |   |   |   |   |   |   |   |   |   |--- truncated branch of depth 7
|   |   |   |   |   |   |   |   |   |   |--- feature_10 >  11.50
|   |   |   |   |   |   |   |   |   |   |   |--- truncated branch of depth 10
|   |   |   |   |   |   |   |   |   |--- feature_6 >  0.50
|   |   |   |   |   |   |   |   |   |   |--- feature_0 <= 417119.50
|   |   |   |   |   |   |   |   |   |   |   |--- truncated branch of depth 10
|   |   |   |   |   |   |   |   |   |   |--- feature_0 >  417119.50
|   |   |   |   |   |   |   |   |   |   |   |--- truncated branch of depth 10
|   |   |   |   |   |   |   |   |--- feature_1 >  75.50
|   |   |   |   |   |   |   |   |   |--- feature_9 <= 8.50
|   |   |   |   |   |   |   |   |   |   |--- feature_7 <= 10.50
|   |   |   |   |   |   |   |   |   |   |   |--- truncated branch of depth 5
|   |   |   |   |   |   |   |   |   |   |--- feature_7 >  10.50
|   |   |   |   |   |   |   |   |   |   |   |--- truncated branch of depth 10
|   |   |   |   |   |   |   |   |   |--- feature_9 >  8.50
|   |   |   |   |   |   |   |   |   |   |--- feature_5 <= 0.50
|   |   |   |   |   |   |   |   |   |   |   |--- truncated branch of depth 10
|   |   |   |   |   |   |   |   |   |   |--- feature_5 >  0.50
|   |   |   |   |   |   |   |   |   |   |   |--- truncated branch of depth 6
|   |   |   |   |   |   |   |--- feature_0 >  8997247.50
|   |   |   |   |   |   |   |   |--- feature_3 <= 0.50
|   |   |   |   |   |   |   |   |   |--- feature_0 <= 9764617.00
|   |   |   |   |   |   |   |   |   |   |--- feature_7 <= 2.50
|   |   |   |   |   |   |   |   |   |   |   |--- class: 0
|   |   |   |   |   |   |   |   |   |   |--- feature_7 >  2.50
|   |   |   |   |   |   |   |   |   |   |   |--- truncated branch of depth 8
|   |   |   |   |   |   |   |   |   |--- feature_0 >  9764617.00
|   |   |   |   |   |   |   |   |   |   |--- feature_2 <= 8.50
|   |   |   |   |   |   |   |   |   |   |   |--- class: 0
|   |   |   |   |   |   |   |   |   |   |--- feature_2 >  8.50
|   |   |   |   |   |   |   |   |   |   |   |--- truncated branch of depth 3
|   |   |   |   |   |   |   |   |--- feature_3 >  0.50
|   |   |   |   |   |   |   |   |   |--- feature_6 <= 46.50
|   |   |   |   |   |   |   |   |   |   |--- feature_6 <= 13.50
|   |   |   |   |   |   |   |   |   |   |   |--- truncated branch of depth 10
|   |   |   |   |   |   |   |   |   |   |--- feature_6 >  13.50
|   |   |   |   |   |   |   |   |   |   |   |--- truncated branch of depth 10
|   |   |   |   |   |   |   |   |   |--- feature_6 >  46.50
|   |   |   |   |   |   |   |   |   |   |--- feature_10 <= 12.50
|   |   |   |   |   |   |   |   |   |   |   |--- truncated branch of depth 6
|   |   |   |   |   |   |   |   |   |   |--- feature_10 >  12.50
|   |   |   |   |   |   |   |   |   |   |   |--- truncated branch of depth 3
|   |   |   |   |   |   |--- feature_0 >  9879000.50
|   |   |   |   |   |   |   |--- feature_6 <= 46.50
|   |   |   |   |   |   |   |   |--- feature_6 <= 14.50
|   |   |   |   |   |   |   |   |   |--- feature_10 <= 13.50
|   |   |   |   |   |   |   |   |   |   |--- feature_8 <= 5.50
|   |   |   |   |   |   |   |   |   |   |   |--- class: 0
|   |   |   |   |   |   |   |   |   |   |--- feature_8 >  5.50
|   |   |   |   |   |   |   |   |   |   |   |--- truncated branch of depth 3
|   |   |   |   |   |   |   |   |   |--- feature_10 >  13.50
|   |   |   |   |   |   |   |   |   |   |--- class: 1
|   |   |   |   |   |   |   |   |--- feature_6 >  14.50
|   |   |   |   |   |   |   |   |   |--- feature_1 <= 42.50
|   |   |   |   |   |   |   |   |   |   |--- feature_8 <= 2.50
|   |   |   |   |   |   |   |   |   |   |   |--- class: 0
|   |   |   |   |   |   |   |   |   |   |--- feature_8 >  2.50
|   |   |   |   |   |   |   |   |   |   |   |--- truncated branch of depth 3
|   |   |   |   |   |   |   |   |   |--- feature_1 >  42.50
|   |   |   |   |   |   |   |   |   |   |--- feature_6 <= 38.50
|   |   |   |   |   |   |   |   |   |   |   |--- truncated branch of depth 5
|   |   |   |   |   |   |   |   |   |   |--- feature_6 >  38.50
|   |   |   |   |   |   |   |   |   |   |   |--- class: 0
|   |   |   |   |   |   |   |--- feature_6 >  46.50
|   |   |   |   |   |   |   |   |--- feature_7 <= 79.50
|   |   |   |   |   |   |   |   |   |--- class: 1
|   |   |   |   |   |   |   |   |--- feature_7 >  79.50
|   |   |   |   |   |   |   |   |   |--- class: 0
|   |   |   |   |   |--- feature_6 >  48.50
|   |   |   |   |   |   |--- feature_7 <= 314.50
|   |   |   |   |   |   |   |--- feature_0 <= 4009252.50
|   |   |   |   |   |   |   |   |--- feature_8 <= 26.00
|   |   |   |   |   |   |   |   |   |--- feature_0 <= 2138445.50
|   |   |   |   |   |   |   |   |   |   |--- feature_5 <= 0.50
|   |   |   |   |   |   |   |   |   |   |   |--- truncated branch of depth 7
|   |   |   |   |   |   |   |   |   |   |--- feature_5 >  0.50
|   |   |   |   |   |   |   |   |   |   |   |--- truncated branch of depth 6
|   |   |   |   |   |   |   |   |   |--- feature_0 >  2138445.50
|   |   |   |   |   |   |   |   |   |   |--- feature_1 <= 66.50
|   |   |   |   |   |   |   |   |   |   |   |--- truncated branch of depth 7
|   |   |   |   |   |   |   |   |   |   |--- feature_1 >  66.50
|   |   |   |   |   |   |   |   |   |   |   |--- truncated branch of depth 3
|   |   |   |   |   |   |   |   |--- feature_8 >  26.00
|   |   |   |   |   |   |   |   |   |--- feature_9 <= 4.50
|   |   |   |   |   |   |   |   |   |   |--- class: 0
|   |   |   |   |   |   |   |   |   |--- feature_9 >  4.50
|   |   |   |   |   |   |   |   |   |   |--- feature_0 <= 3329573.00
|   |   |   |   |   |   |   |   |   |   |   |--- class: 0
|   |   |   |   |   |   |   |   |   |   |--- feature_0 >  3329573.00
|   |   |   |   |   |   |   |   |   |   |   |--- class: 1
|   |   |   |   |   |   |   |--- feature_0 >  4009252.50
|   |   |   |   |   |   |   |   |--- feature_0 <= 4602594.50
|   |   |   |   |   |   |   |   |   |--- feature_7 <= 282.50
|   |   |   |   |   |   |   |   |   |   |--- feature_1 <= 59.00
|   |   |   |   |   |   |   |   |   |   |   |--- truncated branch of depth 4
|   |   |   |   |   |   |   |   |   |   |--- feature_1 >  59.00
|   |   |   |   |   |   |   |   |   |   |   |--- truncated branch of depth 2
|   |   |   |   |   |   |   |   |   |--- feature_7 >  282.50
|   |   |   |   |   |   |   |   |   |   |--- class: 0
|   |   |   |   |   |   |   |   |--- feature_0 >  4602594.50
|   |   |   |   |   |   |   |   |   |--- feature_1 <= 36.50
|   |   |   |   |   |   |   |   |   |   |--- class: 0
|   |   |   |   |   |   |   |   |   |--- feature_1 >  36.50
|   |   |   |   |   |   |   |   |   |   |--- feature_6 <= 49.50
|   |   |   |   |   |   |   |   |   |   |   |--- truncated branch of depth 10
|   |   |   |   |   |   |   |   |   |   |--- feature_6 >  49.50
|   |   |   |   |   |   |   |   |   |   |   |--- truncated branch of depth 9
|   |   |   |   |   |   |--- feature_7 >  314.50
|   |   |   |   |   |   |   |--- class: 1
|   |--- feature_2 >  17.50
|   |   |--- feature_0 <= 1883161.00
|   |   |   |--- feature_0 <= 1856342.00
|   |   |   |   |--- feature_0 <= 152063.00
|   |   |   |   |   |--- feature_0 <= 122592.00
|   |   |   |   |   |   |--- feature_7 <= 209.00
|   |   |   |   |   |   |   |--- feature_6 <= 18.00
|   |   |   |   |   |   |   |   |--- class: 0
|   |   |   |   |   |   |   |--- feature_6 >  18.00
|   |   |   |   |   |   |   |   |--- feature_8 <= 24.00
|   |   |   |   |   |   |   |   |   |--- class: 0
|   |   |   |   |   |   |   |   |--- feature_8 >  24.00
|   |   |   |   |   |   |   |   |   |--- class: 0
|   |   |   |   |   |   |--- feature_7 >  209.00
|   |   |   |   |   |   |   |--- feature_8 <= 3.00
|   |   |   |   |   |   |   |   |--- class: 1
|   |   |   |   |   |   |   |--- feature_8 >  3.00
|   |   |   |   |   |   |   |   |--- feature_7 <= 240.50
|   |   |   |   |   |   |   |   |   |--- class: 0
|   |   |   |   |   |   |   |   |--- feature_7 >  240.50
|   |   |   |   |   |   |   |   |   |--- class: 0
|   |   |   |   |   |--- feature_0 >  122592.00
|   |   |   |   |   |   |--- feature_1 <= 34.50
|   |   |   |   |   |   |   |--- feature_1 <= 32.00
|   |   |   |   |   |   |   |   |--- class: 1
|   |   |   |   |   |   |   |--- feature_1 >  32.00
|   |   |   |   |   |   |   |   |--- class: 1
|   |   |   |   |   |   |--- feature_1 >  34.50
|   |   |   |   |   |   |   |--- feature_0 <= 133808.00
|   |   |   |   |   |   |   |   |--- class: 1
|   |   |   |   |   |   |   |--- feature_0 >  133808.00
|   |   |   |   |   |   |   |   |--- class: 0
|   |   |   |   |--- feature_0 >  152063.00
|   |   |   |   |   |--- feature_8 <= 25.50
|   |   |   |   |   |   |--- feature_6 <= 14.50
|   |   |   |   |   |   |   |--- feature_8 <= 16.50
|   |   |   |   |   |   |   |   |--- feature_6 <= 4.50
|   |   |   |   |   |   |   |   |   |--- feature_0 <= 789910.50
|   |   |   |   |   |   |   |   |   |   |--- feature_0 <= 760913.50
|   |   |   |   |   |   |   |   |   |   |   |--- truncated branch of depth 2
|   |   |   |   |   |   |   |   |   |   |--- feature_0 >  760913.50
|   |   |   |   |   |   |   |   |   |   |   |--- class: 1
|   |   |   |   |   |   |   |   |   |--- feature_0 >  789910.50
|   |   |   |   |   |   |   |   |   |   |--- feature_7 <= 106.00
|   |   |   |   |   |   |   |   |   |   |   |--- truncated branch of depth 2
|   |   |   |   |   |   |   |   |   |   |--- feature_7 >  106.00
|   |   |   |   |   |   |   |   |   |   |   |--- truncated branch of depth 3
|   |   |   |   |   |   |   |   |--- feature_6 >  4.50
|   |   |   |   |   |   |   |   |   |--- feature_8 <= 3.00
|   |   |   |   |   |   |   |   |   |   |--- feature_9 <= 11.50
|   |   |   |   |   |   |   |   |   |   |   |--- truncated branch of depth 2
|   |   |   |   |   |   |   |   |   |   |--- feature_9 >  11.50
|   |   |   |   |   |   |   |   |   |   |   |--- class: 0
|   |   |   |   |   |   |   |   |   |--- feature_8 >  3.00
|   |   |   |   |   |   |   |   |   |   |--- feature_9 <= 12.50
|   |   |   |   |   |   |   |   |   |   |   |--- class: 0
|   |   |   |   |   |   |   |   |   |   |--- feature_9 >  12.50
|   |   |   |   |   |   |   |   |   |   |   |--- class: 0
|   |   |   |   |   |   |   |--- feature_8 >  16.50
|   |   |   |   |   |   |   |   |--- feature_1 <= 66.50
|   |   |   |   |   |   |   |   |   |--- feature_9 <= 13.50
|   |   |   |   |   |   |   |   |   |   |--- feature_0 <= 548182.00
|   |   |   |   |   |   |   |   |   |   |   |--- class: 0
|   |   |   |   |   |   |   |   |   |   |--- feature_0 >  548182.00
|   |   |   |   |   |   |   |   |   |   |   |--- truncated branch of depth 6
|   |   |   |   |   |   |   |   |   |--- feature_9 >  13.50
|   |   |   |   |   |   |   |   |   |   |--- class: 0
|   |   |   |   |   |   |   |   |--- feature_1 >  66.50
|   |   |   |   |   |   |   |   |   |--- feature_7 <= 48.00
|   |   |   |   |   |   |   |   |   |   |--- class: 0
|   |   |   |   |   |   |   |   |   |--- feature_7 >  48.00
|   |   |   |   |   |   |   |   |   |   |--- class: 0
|   |   |   |   |   |   |--- feature_6 >  14.50
|   |   |   |   |   |   |   |--- feature_0 <= 1531914.00
|   |   |   |   |   |   |   |   |--- feature_2 <= 19.50
|   |   |   |   |   |   |   |   |   |--- feature_7 <= 143.50
|   |   |   |   |   |   |   |   |   |   |--- feature_1 <= 60.50
|   |   |   |   |   |   |   |   |   |   |   |--- truncated branch of depth 5
|   |   |   |   |   |   |   |   |   |   |--- feature_1 >  60.50
|   |   |   |   |   |   |   |   |   |   |   |--- truncated branch of depth 4
|   |   |   |   |   |   |   |   |   |--- feature_7 >  143.50
|   |   |   |   |   |   |   |   |   |   |--- feature_3 <= 0.50
|   |   |   |   |   |   |   |   |   |   |   |--- class: 0
|   |   |   |   |   |   |   |   |   |   |--- feature_3 >  0.50
|   |   |   |   |   |   |   |   |   |   |   |--- truncated branch of depth 6
|   |   |   |   |   |   |   |   |--- feature_2 >  19.50
|   |   |   |   |   |   |   |   |   |--- feature_8 <= 4.50
|   |   |   |   |   |   |   |   |   |   |--- feature_6 <= 28.00
|   |   |   |   |   |   |   |   |   |   |   |--- class: 0
|   |   |   |   |   |   |   |   |   |   |--- feature_6 >  28.00
|   |   |   |   |   |   |   |   |   |   |   |--- truncated branch of depth 3
|   |   |   |   |   |   |   |   |   |--- feature_8 >  4.50
|   |   |   |   |   |   |   |   |   |   |--- feature_7 <= 75.50
|   |   |   |   |   |   |   |   |   |   |   |--- truncated branch of depth 3
|   |   |   |   |   |   |   |   |   |   |--- feature_7 >  75.50
|   |   |   |   |   |   |   |   |   |   |   |--- truncated branch of depth 7
|   |   |   |   |   |   |   |--- feature_0 >  1531914.00
|   |   |   |   |   |   |   |   |--- feature_0 <= 1680296.00
|   |   |   |   |   |   |   |   |   |--- feature_1 <= 49.50
|   |   |   |   |   |   |   |   |   |   |--- feature_0 <= 1631343.00
|   |   |   |   |   |   |   |   |   |   |   |--- truncated branch of depth 2
|   |   |   |   |   |   |   |   |   |   |--- feature_0 >  1631343.00
|   |   |   |   |   |   |   |   |   |   |   |--- class: 0
|   |   |   |   |   |   |   |   |   |--- feature_1 >  49.50
|   |   |   |   |   |   |   |   |   |   |--- feature_1 <= 72.50
|   |   |   |   |   |   |   |   |   |   |   |--- truncated branch of depth 4
|   |   |   |   |   |   |   |   |   |   |--- feature_1 >  72.50
|   |   |   |   |   |   |   |   |   |   |   |--- class: 0
|   |   |   |   |   |   |   |   |--- feature_0 >  1680296.00
|   |   |   |   |   |   |   |   |   |--- feature_6 <= 39.50
|   |   |   |   |   |   |   |   |   |   |--- feature_7 <= 188.50
|   |   |   |   |   |   |   |   |   |   |   |--- class: 0
|   |   |   |   |   |   |   |   |   |   |--- feature_7 >  188.50
|   |   |   |   |   |   |   |   |   |   |   |--- truncated branch of depth 3
|   |   |   |   |   |   |   |   |   |--- feature_6 >  39.50
|   |   |   |   |   |   |   |   |   |   |--- feature_6 <= 46.50
|   |   |   |   |   |   |   |   |   |   |   |--- class: 0
|   |   |   |   |   |   |   |   |   |   |--- feature_6 >  46.50
|   |   |   |   |   |   |   |   |   |   |   |--- truncated branch of depth 2
|   |   |   |   |   |--- feature_8 >  25.50
|   |   |   |   |   |   |--- feature_0 <= 1261140.50
|   |   |   |   |   |   |   |--- feature_1 <= 69.50
|   |   |   |   |   |   |   |   |--- feature_5 <= 0.50
|   |   |   |   |   |   |   |   |   |--- feature_0 <= 797694.00
|   |   |   |   |   |   |   |   |   |   |--- feature_10 <= 13.50
|   |   |   |   |   |   |   |   |   |   |   |--- class: 0
|   |   |   |   |   |   |   |   |   |   |--- feature_10 >  13.50
|   |   |   |   |   |   |   |   |   |   |   |--- class: 0
|   |   |   |   |   |   |   |   |   |--- feature_0 >  797694.00
|   |   |   |   |   |   |   |   |   |   |--- feature_0 <= 1103900.50
|   |   |   |   |   |   |   |   |   |   |   |--- class: 0
|   |   |   |   |   |   |   |   |   |   |--- feature_0 >  1103900.50
|   |   |   |   |   |   |   |   |   |   |   |--- class: 0
|   |   |   |   |   |   |   |   |--- feature_5 >  0.50
|   |   |   |   |   |   |   |   |   |--- class: 0
|   |   |   |   |   |   |   |--- feature_1 >  69.50
|   |   |   |   |   |   |   |   |--- feature_7 <= 50.00
|   |   |   |   |   |   |   |   |   |--- class: 0
|   |   |   |   |   |   |   |   |--- feature_7 >  50.00
|   |   |   |   |   |   |   |   |   |--- class: 0
|   |   |   |   |   |   |--- feature_0 >  1261140.50
|   |   |   |   |   |   |   |--- feature_9 <= 3.50
|   |   |   |   |   |   |   |   |--- class: 0
|   |   |   |   |   |   |   |--- feature_9 >  3.50
|   |   |   |   |   |   |   |   |--- feature_10 <= 11.50
|   |   |   |   |   |   |   |   |   |--- feature_3 <= 0.50
|   |   |   |   |   |   |   |   |   |   |--- class: 1
|   |   |   |   |   |   |   |   |   |--- feature_3 >  0.50
|   |   |   |   |   |   |   |   |   |   |--- class: 0
|   |   |   |   |   |   |   |   |--- feature_10 >  11.50
|   |   |   |   |   |   |   |   |   |--- feature_6 <= 21.00
|   |   |   |   |   |   |   |   |   |   |--- feature_7 <= 274.00
|   |   |   |   |   |   |   |   |   |   |   |--- class: 1
|   |   |   |   |   |   |   |   |   |   |--- feature_7 >  274.00
|   |   |   |   |   |   |   |   |   |   |   |--- class: 1
|   |   |   |   |   |   |   |   |   |--- feature_6 >  21.00
|   |   |   |   |   |   |   |   |   |   |--- feature_6 <= 24.50
|   |   |   |   |   |   |   |   |   |   |   |--- class: 1
|   |   |   |   |   |   |   |   |   |   |--- feature_6 >  24.50
|   |   |   |   |   |   |   |   |   |   |   |--- class: 1
|   |   |   |--- feature_0 >  1856342.00
|   |   |   |   |--- feature_8 <= 22.50
|   |   |   |   |   |--- feature_2 <= 18.50
|   |   |   |   |   |   |--- class: 1
|   |   |   |   |   |--- feature_2 >  18.50
|   |   |   |   |   |   |--- class: 1
|   |   |   |   |--- feature_8 >  22.50
|   |   |   |   |   |--- class: 0
|   |   |--- feature_0 >  1883161.00
|   |   |   |--- feature_2 <= 18.50
|   |   |   |   |--- feature_7 <= 261.50
|   |   |   |   |   |--- feature_0 <= 4177070.00
|   |   |   |   |   |   |--- feature_7 <= 253.50
|   |   |   |   |   |   |   |--- feature_0 <= 2341325.50
|   |   |   |   |   |   |   |   |--- feature_0 <= 2117264.00
|   |   |   |   |   |   |   |   |   |--- class: 0
|   |   |   |   |   |   |   |   |--- feature_0 >  2117264.00
|   |   |   |   |   |   |   |   |   |--- feature_10 <= 10.50
|   |   |   |   |   |   |   |   |   |   |--- feature_7 <= 140.00
|   |   |   |   |   |   |   |   |   |   |   |--- truncated branch of depth 2
|   |   |   |   |   |   |   |   |   |   |--- feature_7 >  140.00
|   |   |   |   |   |   |   |   |   |   |   |--- class: 0
|   |   |   |   |   |   |   |   |   |--- feature_10 >  10.50
|   |   |   |   |   |   |   |   |   |   |--- feature_7 <= 31.50
|   |   |   |   |   |   |   |   |   |   |   |--- class: 0
|   |   |   |   |   |   |   |   |   |   |--- feature_7 >  31.50
|   |   |   |   |   |   |   |   |   |   |   |--- class: 1
|   |   |   |   |   |   |   |--- feature_0 >  2341325.50
|   |   |   |   |   |   |   |   |--- feature_5 <= 0.50
|   |   |   |   |   |   |   |   |   |--- feature_7 <= 19.50
|   |   |   |   |   |   |   |   |   |   |--- class: 0
|   |   |   |   |   |   |   |   |   |--- feature_7 >  19.50
|   |   |   |   |   |   |   |   |   |   |--- feature_10 <= 10.50
|   |   |   |   |   |   |   |   |   |   |   |--- class: 0
|   |   |   |   |   |   |   |   |   |   |--- feature_10 >  10.50
|   |   |   |   |   |   |   |   |   |   |   |--- truncated branch of depth 10
|   |   |   |   |   |   |   |   |--- feature_5 >  0.50
|   |   |   |   |   |   |   |   |   |--- feature_7 <= 63.50
|   |   |   |   |   |   |   |   |   |   |--- feature_0 <= 3570823.50
|   |   |   |   |   |   |   |   |   |   |   |--- truncated branch of depth 2
|   |   |   |   |   |   |   |   |   |   |--- feature_0 >  3570823.50
|   |   |   |   |   |   |   |   |   |   |   |--- class: 0
|   |   |   |   |   |   |   |   |   |--- feature_7 >  63.50
|   |   |   |   |   |   |   |   |   |   |--- class: 0
|   |   |   |   |   |   |--- feature_7 >  253.50
|   |   |   |   |   |   |   |--- feature_10 <= 11.50
|   |   |   |   |   |   |   |   |--- feature_9 <= 7.50
|   |   |   |   |   |   |   |   |   |--- class: 1
|   |   |   |   |   |   |   |   |--- feature_9 >  7.50
|   |   |   |   |   |   |   |   |   |--- class: 0
|   |   |   |   |   |   |   |--- feature_10 >  11.50
|   |   |   |   |   |   |   |   |--- class: 0
|   |   |   |   |   |--- feature_0 >  4177070.00
|   |   |   |   |   |   |--- feature_0 <= 4539105.50
|   |   |   |   |   |   |   |--- feature_7 <= 114.50
|   |   |   |   |   |   |   |   |--- feature_4 <= 1.00
|   |   |   |   |   |   |   |   |   |--- class: 1
|   |   |   |   |   |   |   |   |--- feature_4 >  1.00
|   |   |   |   |   |   |   |   |   |--- class: 1
|   |   |   |   |   |   |   |--- feature_7 >  114.50
|   |   |   |   |   |   |   |   |--- feature_0 <= 4320337.00
|   |   |   |   |   |   |   |   |   |--- feature_7 <= 127.00
|   |   |   |   |   |   |   |   |   |   |--- class: 0
|   |   |   |   |   |   |   |   |   |--- feature_7 >  127.00
|   |   |   |   |   |   |   |   |   |   |--- class: 1
|   |   |   |   |   |   |   |   |--- feature_0 >  4320337.00
|   |   |   |   |   |   |   |   |   |--- feature_1 <= 70.50
|   |   |   |   |   |   |   |   |   |   |--- class: 0
|   |   |   |   |   |   |   |   |   |--- feature_1 >  70.50
|   |   |   |   |   |   |   |   |   |   |--- class: 0
|   |   |   |   |   |   |--- feature_0 >  4539105.50
|   |   |   |   |   |   |   |--- feature_6 <= 40.50
|   |   |   |   |   |   |   |   |--- feature_7 <= 43.00
|   |   |   |   |   |   |   |   |   |--- feature_6 <= 36.50
|   |   |   |   |   |   |   |   |   |   |--- feature_0 <= 5515984.50
|   |   |   |   |   |   |   |   |   |   |   |--- class: 0
|   |   |   |   |   |   |   |   |   |   |--- feature_0 >  5515984.50
|   |   |   |   |   |   |   |   |   |   |   |--- truncated branch of depth 6
|   |   |   |   |   |   |   |   |   |--- feature_6 >  36.50
|   |   |   |   |   |   |   |   |   |   |--- class: 0
|   |   |   |   |   |   |   |   |--- feature_7 >  43.00
|   |   |   |   |   |   |   |   |   |--- feature_7 <= 49.00
|   |   |   |   |   |   |   |   |   |   |--- feature_6 <= 23.50
|   |   |   |   |   |   |   |   |   |   |   |--- class: 1
|   |   |   |   |   |   |   |   |   |   |--- feature_6 >  23.50
|   |   |   |   |   |   |   |   |   |   |   |--- class: 0
|   |   |   |   |   |   |   |   |   |--- feature_7 >  49.00
|   |   |   |   |   |   |   |   |   |   |--- feature_0 <= 4815945.50
|   |   |   |   |   |   |   |   |   |   |   |--- truncated branch of depth 2
|   |   |   |   |   |   |   |   |   |   |--- feature_0 >  4815945.50
|   |   |   |   |   |   |   |   |   |   |   |--- truncated branch of depth 10
|   |   |   |   |   |   |   |--- feature_6 >  40.50
|   |   |   |   |   |   |   |   |--- feature_1 <= 32.50
|   |   |   |   |   |   |   |   |   |--- feature_8 <= 25.50
|   |   |   |   |   |   |   |   |   |   |--- class: 0
|   |   |   |   |   |   |   |   |   |--- feature_8 >  25.50
|   |   |   |   |   |   |   |   |   |   |--- class: 0
|   |   |   |   |   |   |   |   |--- feature_1 >  32.50
|   |   |   |   |   |   |   |   |   |--- feature_0 <= 5585107.00
|   |   |   |   |   |   |   |   |   |   |--- feature_0 <= 4951354.00
|   |   |   |   |   |   |   |   |   |   |   |--- class: 0
|   |   |   |   |   |   |   |   |   |   |--- feature_0 >  4951354.00
|   |   |   |   |   |   |   |   |   |   |   |--- truncated branch of depth 3
|   |   |   |   |   |   |   |   |   |--- feature_0 >  5585107.00
|   |   |   |   |   |   |   |   |   |   |--- feature_1 <= 48.50
|   |   |   |   |   |   |   |   |   |   |   |--- truncated branch of depth 3
|   |   |   |   |   |   |   |   |   |   |--- feature_1 >  48.50
|   |   |   |   |   |   |   |   |   |   |   |--- truncated branch of depth 6
|   |   |   |   |--- feature_7 >  261.50
|   |   |   |   |   |--- feature_7 <= 264.50
|   |   |   |   |   |   |--- feature_1 <= 30.50
|   |   |   |   |   |   |   |--- class: 1
|   |   |   |   |   |   |--- feature_1 >  30.50
|   |   |   |   |   |   |   |--- feature_7 <= 263.50
|   |   |   |   |   |   |   |   |--- class: 0
|   |   |   |   |   |   |   |--- feature_7 >  263.50
|   |   |   |   |   |   |   |   |--- class: 1
|   |   |   |   |   |--- feature_7 >  264.50
|   |   |   |   |   |   |--- feature_6 <= 38.50
|   |   |   |   |   |   |   |--- feature_1 <= 55.50
|   |   |   |   |   |   |   |   |--- feature_9 <= 9.50
|   |   |   |   |   |   |   |   |   |--- feature_8 <= 21.00
|   |   |   |   |   |   |   |   |   |   |--- feature_0 <= 6759276.00
|   |   |   |   |   |   |   |   |   |   |   |--- truncated branch of depth 2
|   |   |   |   |   |   |   |   |   |   |--- feature_0 >  6759276.00
|   |   |   |   |   |   |   |   |   |   |   |--- truncated branch of depth 2
|   |   |   |   |   |   |   |   |   |--- feature_8 >  21.00
|   |   |   |   |   |   |   |   |   |   |--- class: 0
|   |   |   |   |   |   |   |   |--- feature_9 >  9.50
|   |   |   |   |   |   |   |   |   |--- class: 0
|   |   |   |   |   |   |   |--- feature_1 >  55.50
|   |   |   |   |   |   |   |   |--- feature_10 <= 12.50
|   |   |   |   |   |   |   |   |   |--- feature_0 <= 2778748.00
|   |   |   |   |   |   |   |   |   |   |--- class: 0
|   |   |   |   |   |   |   |   |   |--- feature_0 >  2778748.00
|   |   |   |   |   |   |   |   |   |   |--- feature_9 <= 4.50
|   |   |   |   |   |   |   |   |   |   |   |--- class: 0
|   |   |   |   |   |   |   |   |   |   |--- feature_9 >  4.50
|   |   |   |   |   |   |   |   |   |   |   |--- truncated branch of depth 4
|   |   |   |   |   |   |   |   |--- feature_10 >  12.50
|   |   |   |   |   |   |   |   |   |--- feature_0 <= 5771390.50
|   |   |   |   |   |   |   |   |   |   |--- class: 0
|   |   |   |   |   |   |   |   |   |--- feature_0 >  5771390.50
|   |   |   |   |   |   |   |   |   |   |--- class: 0
|   |   |   |   |   |   |--- feature_6 >  38.50
|   |   |   |   |   |   |   |--- feature_9 <= 6.50
|   |   |   |   |   |   |   |   |--- feature_0 <= 8126389.50
|   |   |   |   |   |   |   |   |   |--- feature_1 <= 68.00
|   |   |   |   |   |   |   |   |   |   |--- feature_4 <= 1.50
|   |   |   |   |   |   |   |   |   |   |   |--- class: 0
|   |   |   |   |   |   |   |   |   |   |--- feature_4 >  1.50
|   |   |   |   |   |   |   |   |   |   |   |--- class: 0
|   |   |   |   |   |   |   |   |   |--- feature_1 >  68.00
|   |   |   |   |   |   |   |   |   |   |--- class: 0
|   |   |   |   |   |   |   |   |--- feature_0 >  8126389.50
|   |   |   |   |   |   |   |   |   |--- feature_0 <= 8722136.50
|   |   |   |   |   |   |   |   |   |   |--- class: 1
|   |   |   |   |   |   |   |   |   |--- feature_0 >  8722136.50
|   |   |   |   |   |   |   |   |   |   |--- class: 1
|   |   |   |   |   |   |   |--- feature_9 >  6.50
|   |   |   |   |   |   |   |   |--- feature_8 <= 6.50
|   |   |   |   |   |   |   |   |   |--- class: 0
|   |   |   |   |   |   |   |   |--- feature_8 >  6.50
|   |   |   |   |   |   |   |   |   |--- feature_7 <= 276.00
|   |   |   |   |   |   |   |   |   |   |--- class: 0
|   |   |   |   |   |   |   |   |   |--- feature_7 >  276.00
|   |   |   |   |   |   |   |   |   |   |--- class: 0
|   |   |   |--- feature_2 >  18.50
|   |   |   |   |--- feature_1 <= 24.50
|   |   |   |   |   |--- feature_7 <= 21.50
|   |   |   |   |   |   |--- feature_6 <= 11.00
|   |   |   |   |   |   |   |--- class: 1
|   |   |   |   |   |   |--- feature_6 >  11.00
|   |   |   |   |   |   |   |--- class: 1
|   |   |   |   |   |--- feature_7 >  21.50
|   |   |   |   |   |   |--- feature_7 <= 260.50
|   |   |   |   |   |   |   |--- feature_8 <= 2.50
|   |   |   |   |   |   |   |   |--- feature_8 <= 1.50
|   |   |   |   |   |   |   |   |   |--- class: 0
|   |   |   |   |   |   |   |   |--- feature_8 >  1.50
|   |   |   |   |   |   |   |   |   |--- feature_0 <= 9555961.50
|   |   |   |   |   |   |   |   |   |   |--- class: 1
|   |   |   |   |   |   |   |   |   |--- feature_0 >  9555961.50
|   |   |   |   |   |   |   |   |   |   |--- class: 1
|   |   |   |   |   |   |   |--- feature_8 >  2.50
|   |   |   |   |   |   |   |   |--- feature_7 <= 256.00
|   |   |   |   |   |   |   |   |   |--- feature_6 <= 33.50
|   |   |   |   |   |   |   |   |   |   |--- feature_9 <= 5.50
|   |   |   |   |   |   |   |   |   |   |   |--- truncated branch of depth 3
|   |   |   |   |   |   |   |   |   |   |--- feature_9 >  5.50
|   |   |   |   |   |   |   |   |   |   |   |--- truncated branch of depth 5
|   |   |   |   |   |   |   |   |   |--- feature_6 >  33.50
|   |   |   |   |   |   |   |   |   |   |--- feature_7 <= 34.50
|   |   |   |   |   |   |   |   |   |   |   |--- class: 0
|   |   |   |   |   |   |   |   |   |   |--- feature_7 >  34.50
|   |   |   |   |   |   |   |   |   |   |   |--- class: 0
|   |   |   |   |   |   |   |   |--- feature_7 >  256.00
|   |   |   |   |   |   |   |   |   |--- class: 1
|   |   |   |   |   |   |--- feature_7 >  260.50
|   |   |   |   |   |   |   |--- feature_7 <= 305.50
|   |   |   |   |   |   |   |   |--- feature_7 <= 283.00
|   |   |   |   |   |   |   |   |   |--- class: 0
|   |   |   |   |   |   |   |   |--- feature_7 >  283.00
|   |   |   |   |   |   |   |   |   |--- class: 0
|   |   |   |   |   |   |   |--- feature_7 >  305.50
|   |   |   |   |   |   |   |   |--- class: 0
|   |   |   |   |--- feature_1 >  24.50
|   |   |   |   |   |--- feature_1 <= 26.50
|   |   |   |   |   |   |--- feature_7 <= 252.00
|   |   |   |   |   |   |   |--- feature_7 <= 218.50
|   |   |   |   |   |   |   |   |--- feature_0 <= 5911301.00
|   |   |   |   |   |   |   |   |   |--- class: 0
|   |   |   |   |   |   |   |   |--- feature_0 >  5911301.00
|   |   |   |   |   |   |   |   |   |--- feature_0 <= 7517335.50
|   |   |   |   |   |   |   |   |   |   |--- class: 0
|   |   |   |   |   |   |   |   |   |--- feature_0 >  7517335.50
|   |   |   |   |   |   |   |   |   |   |--- feature_8 <= 19.50
|   |   |   |   |   |   |   |   |   |   |   |--- truncated branch of depth 2
|   |   |   |   |   |   |   |   |   |   |--- feature_8 >  19.50
|   |   |   |   |   |   |   |   |   |   |   |--- class: 0
|   |   |   |   |   |   |   |--- feature_7 >  218.50
|   |   |   |   |   |   |   |   |--- class: 0
|   |   |   |   |   |   |--- feature_7 >  252.00
|   |   |   |   |   |   |   |--- class: 0
|   |   |   |   |   |--- feature_1 >  26.50
|   |   |   |   |   |   |--- feature_1 <= 33.50
|   |   |   |   |   |   |   |--- feature_7 <= 242.50
|   |   |   |   |   |   |   |   |--- feature_7 <= 238.50
|   |   |   |   |   |   |   |   |   |--- feature_9 <= 4.50
|   |   |   |   |   |   |   |   |   |   |--- feature_0 <= 8065634.00
|   |   |   |   |   |   |   |   |   |   |   |--- class: 0
|   |   |   |   |   |   |   |   |   |   |--- feature_0 >  8065634.00
|   |   |   |   |   |   |   |   |   |   |   |--- truncated branch of depth 2
|   |   |   |   |   |   |   |   |   |--- feature_9 >  4.50
|   |   |   |   |   |   |   |   |   |   |--- feature_9 <= 6.50
|   |   |   |   |   |   |   |   |   |   |   |--- truncated branch of depth 4
|   |   |   |   |   |   |   |   |   |   |--- feature_9 >  6.50
|   |   |   |   |   |   |   |   |   |   |   |--- truncated branch of depth 9
|   |   |   |   |   |   |   |   |--- feature_7 >  238.50
|   |   |   |   |   |   |   |   |   |--- feature_7 <= 240.00
|   |   |   |   |   |   |   |   |   |   |--- class: 1
|   |   |   |   |   |   |   |   |   |--- feature_7 >  240.00
|   |   |   |   |   |   |   |   |   |   |--- class: 1
|   |   |   |   |   |   |   |--- feature_7 >  242.50
|   |   |   |   |   |   |   |   |--- feature_0 <= 3830021.50
|   |   |   |   |   |   |   |   |   |--- feature_1 <= 28.50
|   |   |   |   |   |   |   |   |   |   |--- class: 0
|   |   |   |   |   |   |   |   |   |--- feature_1 >  28.50
|   |   |   |   |   |   |   |   |   |   |--- feature_7 <= 292.50
|   |   |   |   |   |   |   |   |   |   |   |--- class: 0
|   |   |   |   |   |   |   |   |   |   |--- feature_7 >  292.50
|   |   |   |   |   |   |   |   |   |   |   |--- class: 0
|   |   |   |   |   |   |   |   |--- feature_0 >  3830021.50
|   |   |   |   |   |   |   |   |   |--- feature_9 <= 10.50
|   |   |   |   |   |   |   |   |   |   |--- feature_6 <= 27.00
|   |   |   |   |   |   |   |   |   |   |   |--- truncated branch of depth 3
|   |   |   |   |   |   |   |   |   |   |--- feature_6 >  27.00
|   |   |   |   |   |   |   |   |   |   |   |--- truncated branch of depth 2
|   |   |   |   |   |   |   |   |   |--- feature_9 >  10.50
|   |   |   |   |   |   |   |   |   |   |--- feature_8 <= 12.50
|   |   |   |   |   |   |   |   |   |   |   |--- truncated branch of depth 2
|   |   |   |   |   |   |   |   |   |   |--- feature_8 >  12.50
|   |   |   |   |   |   |   |   |   |   |   |--- class: 0
|   |   |   |   |   |   |--- feature_1 >  33.50
|   |   |   |   |   |   |   |--- feature_9 <= 10.50
|   |   |   |   |   |   |   |   |--- feature_0 <= 7570446.00
|   |   |   |   |   |   |   |   |   |--- feature_0 <= 6215016.50
|   |   |   |   |   |   |   |   |   |   |--- feature_0 <= 5681809.00
|   |   |   |   |   |   |   |   |   |   |   |--- truncated branch of depth 10
|   |   |   |   |   |   |   |   |   |   |--- feature_0 >  5681809.00
|   |   |   |   |   |   |   |   |   |   |   |--- truncated branch of depth 6
|   |   |   |   |   |   |   |   |   |--- feature_0 >  6215016.50
|   |   |   |   |   |   |   |   |   |   |--- feature_7 <= 52.50
|   |   |   |   |   |   |   |   |   |   |   |--- truncated branch of depth 3
|   |   |   |   |   |   |   |   |   |   |--- feature_7 >  52.50
|   |   |   |   |   |   |   |   |   |   |   |--- truncated branch of depth 8
|   |   |   |   |   |   |   |   |--- feature_0 >  7570446.00
|   |   |   |   |   |   |   |   |   |--- feature_0 <= 8703570.50
|   |   |   |   |   |   |   |   |   |   |--- feature_0 <= 8657492.50
|   |   |   |   |   |   |   |   |   |   |   |--- truncated branch of depth 8
|   |   |   |   |   |   |   |   |   |   |--- feature_0 >  8657492.50
|   |   |   |   |   |   |   |   |   |   |   |--- truncated branch of depth 2
|   |   |   |   |   |   |   |   |   |--- feature_0 >  8703570.50
|   |   |   |   |   |   |   |   |   |   |--- feature_10 <= 10.50
|   |   |   |   |   |   |   |   |   |   |   |--- truncated branch of depth 4
|   |   |   |   |   |   |   |   |   |   |--- feature_10 >  10.50
|   |   |   |   |   |   |   |   |   |   |   |--- truncated branch of depth 6
|   |   |   |   |   |   |   |--- feature_9 >  10.50
|   |   |   |   |   |   |   |   |--- feature_7 <= 103.50
|   |   |   |   |   |   |   |   |   |--- feature_10 <= 13.50
|   |   |   |   |   |   |   |   |   |   |--- feature_6 <= 49.00
|   |   |   |   |   |   |   |   |   |   |   |--- truncated branch of depth 7
|   |   |   |   |   |   |   |   |   |   |--- feature_6 >  49.00
|   |   |   |   |   |   |   |   |   |   |   |--- class: 0
|   |   |   |   |   |   |   |   |   |--- feature_10 >  13.50
|   |   |   |   |   |   |   |   |   |   |--- feature_2 <= 19.50
|   |   |   |   |   |   |   |   |   |   |   |--- truncated branch of depth 3
|   |   |   |   |   |   |   |   |   |   |--- feature_2 >  19.50
|   |   |   |   |   |   |   |   |   |   |   |--- class: 0
|   |   |   |   |   |   |   |   |--- feature_7 >  103.50
|   |   |   |   |   |   |   |   |   |--- feature_1 <= 40.50
|   |   |   |   |   |   |   |   |   |   |--- feature_10 <= 12.50
|   |   |   |   |   |   |   |   |   |   |   |--- truncated branch of depth 5
|   |   |   |   |   |   |   |   |   |   |--- feature_10 >  12.50
|   |   |   |   |   |   |   |   |   |   |   |--- truncated branch of depth 3
|   |   |   |   |   |   |   |   |   |--- feature_1 >  40.50
|   |   |   |   |   |   |   |   |   |   |--- feature_10 <= 12.50
|   |   |   |   |   |   |   |   |   |   |   |--- truncated branch of depth 9
|   |   |   |   |   |   |   |   |   |   |--- feature_10 >  12.50
|   |   |   |   |   |   |   |   |   |   |   |--- truncated branch of depth 8
